This is pdfTeX, Version 3.141592653-2.6-1.40.25 (MiKTeX 24.1) (preloaded format=pdflatex 2025.4.30)  14 NOV 2025 17:06
entering extended mode
 restricted \write18 enabled.
 %&-line parsing enabled.
**./abntex2-modelo-trabalho-academico.tex
(abntex2-modelo-trabalho-academico.tex
LaTeX2e <2023-11-01> patch level 1
L3 programming layer <2024-01-04>
(C:\Users\kelly\AppData\Local\Programs\MiKTeX\tex/latex/abntex2\abntex2.cls
Document Class: abntex2 2018/11/24 v-1.9.7 abnTeX2
(C:\Users\kelly\AppData\Local\Programs\MiKTeX\tex/latex/base\ifthen.sty
Package: ifthen 2022/04/13 v1.1d Standard LaTeX ifthen package (DPC)
)
(C:\Users\kelly\AppData\Local\Programs\MiKTeX\tex/latex/memoir\memoir.cls
Document Class: memoir 2025/03/10 v3.8.3b configurable book, report, article do
cument class
(C:\Users\kelly\AppData\Local\Programs\MiKTeX\tex/latex/xpatch\xpatch.sty
(C:\Users\kelly\AppData\Local\Programs\MiKTeX\tex/latex/l3kernel\expl3.sty
Package: expl3 2024-01-04 L3 programming layer (loader) 

(C:\Users\kelly\AppData\Local\Programs\MiKTeX\tex/latex/l3backend\l3backend-pdf
tex.def
File: l3backend-pdftex.def 2024-01-04 L3 backend support: PDF output (pdfTeX)
\l__color_backend_stack_int=\count187
\l__pdf_internal_box=\box51
))
Package: xpatch 2020/03/25 v0.3a Extending etoolbox patching commands

(C:\Users\kelly\AppData\Local\Programs\MiKTeX\tex/latex/l3packages/xparse\xpars
e.sty
Package: xparse 2023-10-10 L3 Experimental document command parser
)
(C:\Users\kelly\AppData\Local\Programs\MiKTeX\tex/latex/etoolbox\etoolbox.sty
Package: etoolbox 2020/10/05 v2.5k e-TeX tools for LaTeX (JAW)
\etb@tempcnta=\count188
))
\onelineskip=\skip48
\lxvchars=\skip49
\xlvchars=\skip50
\@memcnta=\count189
\c@@memmarkcntra=\count190
(C:\Users\kelly\AppData\Local\Programs\MiKTeX\tex/generic/iftex\iftex.sty
Package: iftex 2022/02/03 v1.0f TeX engine tests
)
\trimtop=\skip51
\trimedge=\skip52

(C:\Users\kelly\AppData\Local\Programs\MiKTeX\tex/latex/memoir\mem12.clo
File: mem12.clo 2022/07/29 v0.5 memoir class 12pt size option
)
\binding=\skip53
\spinemargin=\skip54
\foremargin=\skip55
\uppermargin=\skip56
\lowermargin=\skip57
\headdrop=\skip58
\normalrulethickness=\skip59
\mem@maxheadheight=\skip60
\mem@maxfootheight=\skip61
\headwidth=\skip62
\c@storedpagenumber=\count191
\memPD=\dimen140
\m@mabparskip=\skip63
\thanksmarkwidth=\skip64
\thanksmarksep=\skip65
\droptitle=\skip66
\c@book=\count192
\c@part=\count193
\c@chapter=\count194
\c@section=\count195
\c@subsection=\count196
\c@subsubsection=\count197
\c@paragraph=\count198
\c@subparagraph=\count199
\beforechapskip=\skip67
\midchapskip=\skip68
\afterchapskip=\skip69
\chapindent=\skip70
\bottomsectionskip=\skip71
\secindent=\skip72
\beforesecskip=\skip73
\aftersecskip=\skip74
\subsecindent=\skip75
\beforesubsecskip=\skip76
\aftersubsecskip=\skip77
\subsubsecindent=\skip78
\beforesubsubsecskip=\skip79
\aftersubsubsecskip=\skip80
\paraindent=\skip81
\beforeparaskip=\skip82
\afterparaskip=\skip83
\subparaindent=\skip84
\beforesubparaskip=\skip85
\aftersubparaskip=\skip86
\pfbreakskip=\skip87
\c@@ppsavesec=\count266
\c@@ppsaveapp=\count267
\ragrparindent=\dimen141
\everylistparindent=\dimen142
\parsepi=\skip88
\topsepi=\skip89
\itemsepi=\skip90
\parsepii=\skip91
\topsepii=\skip92
\topsepiii=\skip93
\itemsepii=\skip94
\itemsepiii=\skip95
\partopsepii=\skip96
\partopsepiii=\skip97
\m@msavetopsep=\skip98
\m@msavepartopsep=\skip99
\@enLab=\toks17
\abstitleskip=\skip100
\absleftindent=\skip101
\abs@leftindent=\dimen143
\absrightindent=\skip102
\absparindent=\skip103
\absparsep=\skip104
\c@vslineno=\count268
\c@poemline=\count269
\c@modulo@vs=\count270
\c@memfvsline=\count271
\vleftskip=\skip105
\vrightskip=\skip106
\stanzaskip=\skip107
\versewidth=\skip108
\vgap=\skip109
\vindent=\skip110
\vleftmargin=\dimen144
\c@verse=\count272
\c@chrsinstr=\count273
\beforepoemtitleskip=\skip111
\afterpoemtitleskip=\skip112
\c@poem=\count274
\beforePoemTitleskip=\skip113
\midPoemTitleskip=\skip114
\afterPoemTitleskip=\skip115

(C:\Users\kelly\AppData\Local\Programs\MiKTeX\tex/latex/tools\array.sty
Package: array 2023/10/16 v2.5g Tabular extension package (FMi)
\col@sep=\dimen145
\ar@mcellbox=\box52
\extrarowheight=\dimen146
\NC@list=\toks18
\extratabsurround=\skip116
\backup@length=\skip117
\ar@cellbox=\box53
)
(C:\Users\kelly\AppData\Local\Programs\MiKTeX\tex/latex/tools\dcolumn.sty
Package: dcolumn 2023/07/08 v1.06 decimal alignment package (DPC)
)
(C:\Users\kelly\AppData\Local\Programs\MiKTeX\tex/latex/tools\delarray.sty
Package: delarray 2014/10/28 v1.01 array delimiter package (DPC)
)
(C:\Users\kelly\AppData\Local\Programs\MiKTeX\tex/latex/tools\tabularx.sty
Package: tabularx 2023/07/08 v2.11c `tabularx' package (DPC)
\TX@col@width=\dimen147
\TX@old@table=\dimen148
\TX@old@col=\dimen149
\TX@target=\dimen150
\TX@delta=\dimen151
\TX@cols=\count275
\TX@ftn=\toks19
)
(C:\Users\kelly\AppData\Local\Programs\MiKTeX\tex/latex/booktabs\booktabs.sty
Package: booktabs 2020/01/12 v1.61803398 Publication quality tables
\heavyrulewidth=\dimen152
\lightrulewidth=\dimen153
\cmidrulewidth=\dimen154
\belowrulesep=\dimen155
\belowbottomsep=\dimen156
\aboverulesep=\dimen157
\abovetopsep=\dimen158
\cmidrulesep=\dimen159
\cmidrulekern=\dimen160
\defaultaddspace=\dimen161
\@cmidla=\count276
\@cmidlb=\count277
\@aboverulesep=\dimen162
\@belowrulesep=\dimen163
\@thisruleclass=\count278
\@lastruleclass=\count279
\@thisrulewidth=\dimen164
)
\ctableftskip=\skip118
\ctabrightskip=\skip119
\abovecolumnspenalty=\count280
\@linestogo=\count281
\@cellstogo=\count282
\@cellsincolumn=\count283
\crtok=\toks20
\@mincolumnwidth=\dimen165
\c@newflo@tctr=\count284
\mem@margin@floatbox=\box54
\@contcwidth=\skip120
\@contindw=\skip121
\abovecaptionskip=\skip122
\belowcaptionskip=\skip123
\subfloattopskip=\skip124
\subfloatcapskip=\skip125
\subfloatcaptopadj=\skip126
\subfloatbottomskip=\skip127
\subfloatlabelskip=\skip128
\subfloatcapmargin=\dimen166
\c@@contsubnum=\count285
\m@mscap@capbox=\box55
\m@mscap@fbox=\box56
\sidecapsep=\dimen167
\sidecapwidth=\dimen168
\m@m@tempdima=\dimen169
\m@mscapraise=\dimen170
\sidecapraise=\dimen171
\m@mscapmainwidth=\dimen172
\m@mscaplkern=\dimen173
\beforeepigraphskip=\skip129
\afterepigraphskip=\skip130
\epigraphwidth=\skip131
\epigraphrule=\skip132
LaTeX Info: Redefining \em on input line 7017.
LaTeX Info: Redefining \emph on input line 7025.

(C:\Users\kelly\AppData\Local\Programs\MiKTeX\tex/latex/hyperref\nameref.sty
Package: nameref 2023-11-26 v2.56 Cross-referencing by name of section

(C:\Users\kelly\AppData\Local\Programs\MiKTeX\tex/latex/refcount\refcount.sty
Package: refcount 2019/12/15 v3.6 Data extraction from label references (HO)

(C:\Users\kelly\AppData\Local\Programs\MiKTeX\tex/generic/ltxcmds\ltxcmds.sty
Package: ltxcmds 2023-12-04 v1.26 LaTeX kernel commands for general use (HO)
)
(C:\Users\kelly\AppData\Local\Programs\MiKTeX\tex/generic/infwarerr\infwarerr.s
ty
Package: infwarerr 2019/12/03 v1.5 Providing info/warning/error messages (HO)
))
(C:\Users\kelly\AppData\Local\Programs\MiKTeX\tex/generic/gettitlestring\gettit
lestring.sty
Package: gettitlestring 2019/12/15 v1.6 Cleanup title references (HO)

(C:\Users\kelly\AppData\Local\Programs\MiKTeX\tex/latex/kvoptions\kvoptions.sty
Package: kvoptions 2022-06-15 v3.15 Key value format for package options (HO)
(C:\Users\kelly\AppData\Local\Programs\MiKTeX\tex/latex/graphics\keyval.sty
Package: keyval 2022/05/29 v1.15 key=value parser (DPC)
\KV@toks@=\toks21
)
(C:\Users\kelly\AppData\Local\Programs\MiKTeX\tex/latex/kvsetkeys\kvsetkeys.sty
Package: kvsetkeys 2022-10-05 v1.19 Key value parser (HO)
)))
\c@section@level=\count286
)
\tocentryskip=\skip133
\tocbaseline=\skip134
\cftparskip=\skip135
\cftbeforebookskip=\skip136
\cftbookindent=\dimen174
\cftbooknumwidth=\dimen175
\cftbeforepartskip=\skip137
\cftpartindent=\skip138
\cftpartnumwidth=\skip139
\cftbeforechapterskip=\skip140
\cftchapterindent=\skip141
\cftchapternumwidth=\skip142
\cftbeforesectionskip=\skip143
\cftsectionindent=\skip144
\cftsectionnumwidth=\skip145
\cftbeforesubsectionskip=\skip146
\cftsubsectionindent=\skip147
\cftsubsectionnumwidth=\skip148
\cftbeforesubsubsectionskip=\skip149
\cftsubsubsectionindent=\skip150
\cftsubsubsectionnumwidth=\skip151
\cftbeforeparagraphskip=\skip152
\cftparagraphindent=\skip153
\cftparagraphnumwidth=\skip154
\cftbeforesubparagraphskip=\skip155
\cftsubparagraphindent=\skip156
\cftsubparagraphnumwidth=\skip157
\prechapterprecisshift=\dimen176
\c@maxsecnumdepth=\count287
\bibindent=\dimen177
\bibitemsep=\skip158
\indexcolsep=\skip159
\indexrule=\skip160
\indexmarkstyle=\toks22
\@indexbox=\insert252
LaTeX Info: Redefining \raggedbottom on input line 8108.
LaTeX Info: Redefining \flushbottom on input line 8112.
\glossarycolsep=\dimen178
\glossaryrule=\dimen179
\sideparvshift=\skip161
\sideins=\insert251
\sidebartopsep=\skip162
\sidebarhsep=\skip163
\sidebarvsep=\skip164
\sidebarwidth=\skip165
\footmarkwidth=\skip166
\footmarksep=\skip167
\footparindent=\skip168
\footinsdim=\skip169
\footinsv@r=\insert250
\@mpfootinsv@r=\insert249
\m@m@k=\count288
\m@m@h=\dimen180
\m@mipn@skip=\skip170
\sidefootins=\insert248
\sidefootadjust=\skip171
\sidefootheight=\skip172
\sidefoothsep=\skip173
\sidefootvsep=\skip174
\sidefootwidth=\skip175
\m@mdownsf=\skip176
\c@sidefootnote=\count289
\sidefootmarkwidth=\skip177
\sidefootmarksep=\skip178
\sidefootparindent=\skip179
\c@pagenote=\count290
\c@pagenoteshadow=\count291
\mem@pn@lastkern=\skip180
 (C:\Users\kelly\AppData\Local\Programs\MiKTeX\tex/latex/tools\verbatim.sty
Package: verbatim 2023-11-06 v1.5v LaTeX2e package for verbatim enhancements
\every@verbatim=\toks23
\verbatim@line=\toks24
\verbatim@in@stream=\read2
)
\verbatimindent=\skip181
\verbatim@out=\write3
 (C:\Users\kelly\AppData\Local\Programs\MiKTeX\tex/latex/base\shortvrb.sty
Package: shortvrb 2022/11/13 v3.0m Standard LaTeX documentation package V3 (FMi
)
)
\bvboxsep=\skip182
\c@memfbvline=\count292
\c@bvlinectr=\count293
\bvnumlength=\skip183
\fb@frw=\dimen181
\fb@frh=\dimen182
\FrameRule=\dimen183
\FrameSep=\dimen184
\c@cp@cntr=\count294
\c@ism@mctr=\count295
\c@xsm@mctr=\count296
\c@csm@mctr=\count297
\c@ksm@mctr=\count298
\c@xksm@mctr=\count299
\c@cksm@mctr=\count300
\c@msm@mctr=\count301
\c@xmsm@mctr=\count302
\c@cmsm@mctr=\count303
\c@bsm@mctr=\count304
\c@workm@mctr=\count305
\c@sheetsequence=\count306
\c@lastsheet=\count307
\c@lastpage=\count308

(C:\Users\kelly\AppData\Local\Programs\MiKTeX\tex/latex/textcase\textcase.sty
Package: textcase 2025/02/16 v1.05 Text only upper/lower case changing (DPC)
Package textcase Info: Defining Legacy names on input line 20.
)
\c@figure=\count309
\c@lofdepth=\count310
\cftbeforefigureskip=\skip184
\cftfigureindent=\skip185
\cftfigurenumwidth=\skip186
\c@table=\count311
\c@lotdepth=\count312
\cftbeforetableskip=\skip187
\cfttableindent=\skip188
\cfttablenumwidth=\skip189
Package abstract [2008/07/23] emulated by memoir.
Package appendix [2008/07/23] emulated by memoir.
Package ccaption [2008/07/23] emulated by memoir.
Package changepage [2008/07/23] emulated by memoir.
Package chngcntr [2008/07/23] emulated by memoir.
Package chngpage [2008/07/23] emulated by memoir.
Package crop emulated by memoir.
Package enumerate [2008/07/23] emulated by memoir.
Package epigraph [2008/07/23] emulated by memoir.
Package ifmtarg [2008/07/23] emulated by memoir.
Package index [2008/07/23] emulated by memoir.
Package makeidx [2008/07/23] emulated by memoir.
Package moreverb [2008/07/23] emulated by memoir.
Package needspace [2008/07/23] emulated by memoir.
Package newfile [2008/07/23] emulated by memoir.
Package nextpage [2008/07/23] emulated by memoir.
Package pagenote [2008/07/23] emulated by memoir.
Package parskip [2008/07/23] emulated by memoir.
Package patchcmd [2008/07/23] emulated by memoir.
Package setspace [2008/07/23] emulated by memoir.
Package showidx [2008/07/23] emulated by memoir.
Package titleref [2008/07/23] emulated by memoir.
Package titling [2008/07/23] emulated by memoir.
Package tocbibind [2008/07/23] emulated by memoir.
Package tocloft [2008/07/23] emulated by memoir.
Package tocvsec2 [2008/07/23] emulated by memoir.
Package verse [2008/07/23] emulated by memoir.
) (C:\Users\kelly\AppData\Local\Programs\MiKTeX\tex/latex/hyperref\hyperref.sty
Package: hyperref 2023-11-26 v7.01g Hypertext links for LaTeX

(C:\Users\kelly\AppData\Local\Programs\MiKTeX\tex/generic/kvdefinekeys\kvdefine
keys.sty
Package: kvdefinekeys 2019-12-19 v1.6 Define keys (HO)
)
(C:\Users\kelly\AppData\Local\Programs\MiKTeX\tex/generic/pdfescape\pdfescape.s
ty
Package: pdfescape 2019/12/09 v1.15 Implements pdfTeX's escape features (HO)

(C:\Users\kelly\AppData\Local\Programs\MiKTeX\tex/generic/pdftexcmds\pdftexcmds
.sty
Package: pdftexcmds 2020-06-27 v0.33 Utility functions of pdfTeX for LuaTeX (HO
)
Package pdftexcmds Info: \pdf@primitive is available.
Package pdftexcmds Info: \pdf@ifprimitive is available.
Package pdftexcmds Info: \pdfdraftmode found.
))
(C:\Users\kelly\AppData\Local\Programs\MiKTeX\tex/latex/hycolor\hycolor.sty
Package: hycolor 2020-01-27 v1.10 Color options for hyperref/bookmark (HO)
)
(C:\Users\kelly\AppData\Local\Programs\MiKTeX\tex/latex/letltxmacro\letltxmacro
.sty
Package: letltxmacro 2019/12/03 v1.6 Let assignment for LaTeX macros (HO)
)
(C:\Users\kelly\AppData\Local\Programs\MiKTeX\tex/latex/auxhook\auxhook.sty
Package: auxhook 2019-12-17 v1.6 Hooks for auxiliary files (HO)
)
\@linkdim=\dimen185
\Hy@linkcounter=\count313
\Hy@pagecounter=\count314

(C:\Users\kelly\AppData\Local\Programs\MiKTeX\tex/latex/hyperref\pd1enc.def
File: pd1enc.def 2023-11-26 v7.01g Hyperref: PDFDocEncoding definition (HO)
Now handling font encoding PD1 ...
... no UTF-8 mapping file for font encoding PD1
)
(C:\Users\kelly\AppData\Local\Programs\MiKTeX\tex/generic/intcalc\intcalc.sty
Package: intcalc 2019/12/15 v1.3 Expandable calculations with integers (HO)
)
\Hy@SavedSpaceFactor=\count315

(C:\Users\kelly\AppData\Local\Programs\MiKTeX\tex/latex/hyperref\puenc.def
File: puenc.def 2023-11-26 v7.01g Hyperref: PDF Unicode definition (HO)
Now handling font encoding PU ...
... no UTF-8 mapping file for font encoding PU
)
Package hyperref Info: Hyper figures OFF on input line 4181.
Package hyperref Info: Link nesting OFF on input line 4186.
Package hyperref Info: Hyper index ON on input line 4189.
Package hyperref Info: Plain pages OFF on input line 4196.
Package hyperref Info: Backreferencing OFF on input line 4201.
Package hyperref Info: Implicit mode ON; LaTeX internals redefined.
Package hyperref Info: Bookmarks ON on input line 4448.
\c@Hy@tempcnt=\count316

(C:\Users\kelly\AppData\Local\Programs\MiKTeX\tex/latex/url\url.sty
\Urlmuskip=\muskip16
Package: url 2013/09/16  ver 3.4  Verb mode for urls, etc.
)
LaTeX Info: Redefining \url on input line 4786.
\XeTeXLinkMargin=\dimen186

(C:\Users\kelly\AppData\Local\Programs\MiKTeX\tex/generic/bitset\bitset.sty
Package: bitset 2019/12/09 v1.3 Handle bit-vector datatype (HO)

(C:\Users\kelly\AppData\Local\Programs\MiKTeX\tex/generic/bigintcalc\bigintcalc
.sty
Package: bigintcalc 2019/12/15 v1.5 Expandable calculations on big integers (HO
)
))
\Fld@menulength=\count317
\Field@Width=\dimen187
\Fld@charsize=\dimen188
Package hyperref Info: Hyper figures OFF on input line 6065.
Package hyperref Info: Link nesting OFF on input line 6070.
Package hyperref Info: Hyper index ON on input line 6073.
Package hyperref Info: backreferencing OFF on input line 6080.
Package hyperref Info: Link coloring OFF on input line 6085.
Package hyperref Info: Link coloring with OCG OFF on input line 6090.
Package hyperref Info: PDF/A mode OFF on input line 6095.

(C:\Users\kelly\AppData\Local\Programs\MiKTeX\tex/latex/base\atbegshi-ltx.sty
Package: atbegshi-ltx 2021/01/10 v1.0c Emulation of the original atbegshi
package with kernel methods
)
\Hy@abspage=\count318
\c@Item=\count319
\c@Hfootnote=\count320
)
Package hyperref Info: Driver (autodetected): hpdftex.
(C:\Users\kelly\AppData\Local\Programs\MiKTeX\tex/latex/hyperref\hpdftex.def
File: hpdftex.def 2023-11-26 v7.01g Hyperref driver for pdfTeX

(C:\Users\kelly\AppData\Local\Programs\MiKTeX\tex/latex/base\atveryend-ltx.sty
Package: atveryend-ltx 2020/08/19 v1.0a Emulation of the original atveryend pac
kage
with kernel methods
)
\Fld@listcount=\count321
\c@bookmark@seq@number=\count322

(C:\Users\kelly\AppData\Local\Programs\MiKTeX\tex/latex/rerunfilecheck\rerunfil
echeck.sty
Package: rerunfilecheck 2022-07-10 v1.10 Rerun checks for auxiliary files (HO)

(C:\Users\kelly\AppData\Local\Programs\MiKTeX\tex/generic/uniquecounter\uniquec
ounter.sty
Package: uniquecounter 2019/12/15 v1.4 Provide unlimited unique counter (HO)
)
Package uniquecounter Info: New unique counter `rerunfilecheck' on input line 2
85.
)
\Hy@SectionHShift=\skip190
)
(C:\Users\kelly\AppData\Local\Programs\MiKTeX\tex/latex/memoir\memhfixc.sty
Package: memhfixc 2025/03/06 v1.23 hyperref package fixes for memoir class
\c@memhycontfloat=\count323
\c@mem@Hpagenote=\count324
)
(C:\Users\kelly\AppData\Local\Programs\MiKTeX\tex/latex/bookmark\bookmark.sty
Package: bookmark 2023-12-10 v1.31 PDF bookmarks (HO)

(C:\Users\kelly\AppData\Local\Programs\MiKTeX\tex/latex/bookmark\bkm-pdftex.def
File: bkm-pdftex.def 2023-12-10 v1.31 bookmark driver for pdfTeX and luaTeX (HO
)
\BKM@id=\count325
)) (C:\Users\kelly\AppData\Local\Programs\MiKTeX\tex/generic/babel\babel.sty
Package: babel 2024/01/07 v24.1 The Babel package
\babel@savecnt=\count326
\U@D=\dimen189
\l@unhyphenated=\language79

(C:\Users\kelly\AppData\Local\Programs\MiKTeX\tex/generic/babel\txtbabel.def)
\bbl@readstream=\read3
\bbl@dirlevel=\count327

*************************************
* Local config file bblopts.cfg used
*
(C:\Users\kelly\AppData\Local\Programs\MiKTeX\tex/latex/arabi\bblopts.cfg
File: bblopts.cfg 2005/09/08 v0.1 add Arabic and Farsi to "declared" options of
 babel
)
(C:\Users\kelly\AppData\Local\Programs\MiKTeX\tex/latex/babel-english\english.l
df
Language: english 2017/06/06 v3.3r English support from the babel system
Package babel Info: Hyphen rules for 'canadian' set to \l@english
(babel)             (\language0). Reported on input line 102.
Package babel Info: Hyphen rules for 'australian' set to \l@ukenglish
(babel)             (\language73). Reported on input line 105.
Package babel Info: Hyphen rules for 'newzealand' set to \l@ukenglish
(babel)             (\language73). Reported on input line 108.
)
(C:\Users\kelly\AppData\Local\Programs\MiKTeX\tex/generic/babel-french\french.l
df
Language: french 2024-07-25 v3.6c French support from the babel system
Package babel Info: Hyphen rules for 'acadian' set to \l@french
(babel)             (\language22). Reported on input line 91.
Package babel Info: Hyphen rules for 'canadien' set to \l@french
(babel)             (\language22). Reported on input line 92.
\FB@stdchar=\count328
Package babel Info: Making : an active character on input line 421.
Package babel Info: Making ; an active character on input line 422.
Package babel Info: Making ! an active character on input line 423.
Package babel Info: Making ? an active character on input line 424.
\FBguill@level=\count329
\FBold@everypar=\toks25
\FB@Mht=\dimen190
\mc@charclass=\count330
\mc@charfam=\count331
\mc@charslot=\count332
\std@mcc=\count333
\dec@mcc=\count334
\FB@parskip=\dimen191
\listindentFB=\dimen192
\descindentFB=\dimen193
\labelindentFB=\dimen194
\labelwidthFB=\dimen195
\leftmarginFB=\dimen196
\parindentFFN=\dimen197
\FBfnindent=\dimen198
)
(C:\Users\kelly\AppData\Local\Programs\MiKTeX\tex/latex/babel-spanish\spanish.l
df
Language: spanish.ldf 2021/05/27 v5.0q Spanish support from the babel system
\es@quottoks=\toks26
\es@quotdepth=\count335
Package babel Info: Making " an active character on input line 570.
Package babel Info: Making . an active character on input line 675.
Package babel Info: Making < an active character on input line 722.
Package babel Info: Making > an active character on input line 722.
)
(C:\Users\kelly\AppData\Local\Programs\MiKTeX\tex/latex/babel-portuges\brazil.l
df
Language: portuges 2021/07/09 v1.2t Portuguese support from the babel system
Package babel Info: Hyphen rules for 'brazil' set to \l@portuguese
(babel)             (\language56). Reported on input line 111.
))
(C:\Users\kelly\AppData\Local\Programs\MiKTeX\tex/generic/babel/locale/es\babel
-spanish.tex
Package babel Info: Importing font and identification data for spanish
(babel)             from babel-es.ini. Reported on input line 11.
)
(C:\Users\kelly\AppData\Local\Programs\MiKTeX\tex/generic/babel/locale/fr\babel
-french.tex
Package babel Info: Importing font and identification data for french
(babel)             from babel-fr.ini. Reported on input line 11.
)
(C:\Users\kelly\AppData\Local\Programs\MiKTeX\tex/generic/babel/locale/en\babel
-english.tex
Package babel Info: Importing font and identification data for english
(babel)             from babel-en.ini. Reported on input line 11.
)
(C:\Users\kelly\AppData\Local\Programs\MiKTeX\tex/latex/carlisle\scalefnt.sty)
(C:\Users\kelly\AppData\Local\Programs\MiKTeX\tex/latex/enumitem\enumitem.sty
Package: enumitem 2025/02/06 v3.11 Customized lists
\labelindent=\skip191
\enit@outerparindent=\dimen199
\enit@toks=\toks27
\enit@inbox=\box57
\enit@count@id=\count336
\enitdp@description=\count337
)
(C:\Users\kelly\AppData\Local\Programs\MiKTeX\tex/latex/tools\calc.sty
Package: calc 2023/07/08 v4.3 Infix arithmetic (KKT,FJ)
\calc@Acount=\count338
\calc@Bcount=\count339
\calc@Adimen=\dimen256
\calc@Bdimen=\dimen257
\calc@Askip=\skip192
\calc@Bskip=\skip193
LaTeX Info: Redefining \setlength on input line 80.
LaTeX Info: Redefining \addtolength on input line 81.
\calc@Ccount=\count340
\calc@Cskip=\skip194
)

******************************************************
Stock height and width: 845.04684pt by 597.50787pt
Top and edge trims: 0pt and 0pt
Page height and width: 845.04684pt by 597.50787pt
Text height and width: 708pt by 455pt
Spine and edge margins: 85.35826pt and 56.9055pt
Upper and lower margins: 85.35826pt and 51.68858pt
Headheight and headsep: 14.5pt and 19.8738pt
Footskip: 30pt
Columnsep and columnseprule: 10pt and 0pt
Marginparsep and marginparwidth: 7pt and 42.9055pt
Sidecapsep and sidecapwidth: 7pt and 42pt
Sidebarhsep and sidebarwidth: 7pt and 42pt
Sidebarvsep and sidebartopsep: 14.5pt and 0pt
Sidebarheight: 590.14995pt
Sidefoothsep and sidefootwidth: 7pt and 42pt
Sidefootvsep and sidefootheight: 14.5pt and 590.14995pt
******************************************************

\c@abntex@bookmarkcounter=\count341
\cftlastnumwidth=\skip195
\chapternamenumlength=\skip196
\ABNTEXcitacaorecuo=\skip197
\c@alineasi=\count342
\c@alineasii=\count343
\enitdp@alineas=\count344
\c@subalineasi=\count345
\enitdp@subalineas=\count346
\c@incisosi=\count347
\enitdp@incisos=\count348
\ABNTEXsignwidth=\skip198
\ABNTEXsignthickness=\skip199
\ABNTEXsignskip=\skip256
)

******************************************************
Stock height and width: 845.04684pt by 597.50787pt
Top and edge trims: 0pt and 0pt
Page height and width: 845.04684pt by 597.50787pt
Text height and width: 713.78398pt by 455pt
Spine and edge margins: 85.35826pt and 56.9055pt
Upper and lower margins: 85.35826pt and 45.9046pt
Headheight and headsep: 14.5pt and 19.8738pt
Footskip: 30pt
Columnsep and columnseprule: 10pt and 0pt
Marginparsep and marginparwidth: 7pt and 42.9055pt
Sidecapsep and sidecapwidth: 7pt and 42pt
Sidebarhsep and sidebarwidth: 7pt and 42pt
Sidebarvsep and sidebartopsep: 14.5pt and 0pt
Sidebarheight: 590.14995pt
Sidefoothsep and sidefootwidth: 7pt and 42pt
Sidefootvsep and sidefootheight: 14.5pt and 590.14995pt
******************************************************


(C:\Users\kelly\AppData\Local\Programs\MiKTeX\tex/latex/emptypage\emptypage.sty
Package: emptypage 2010/05/30 v1.2 Suppress page numbers and headings on empty 
pages
) (C:\Users\kelly\AppData\Local\Programs\MiKTeX\tex/latex/tools\longtable.sty
Package: longtable 2023-11-01 v4.19 Multi-page Table package (DPC)
\LTleft=\skip257
\LTright=\skip258
\LTpre=\skip259
\LTpost=\skip260
\LTchunksize=\count349
\LTcapwidth=\dimen258
\LT@head=\box58
\LT@firsthead=\box59
\LT@foot=\box60
\LT@lastfoot=\box61
\LT@gbox=\box62
\LT@cols=\count350
\LT@rows=\count351
\c@LT@tables=\count352
\c@LT@chunks=\count353
\LT@p@ftn=\toks28
)
(C:\Users\kelly\AppData\Local\Programs\MiKTeX\tex/latex/float\float.sty
Package: float 2001/11/08 v1.3d Float enhancements (AL)
\c@float@type=\count354
\float@exts=\toks29
\float@box=\box63
\@float@everytoks=\toks30
\@floatcapt=\box64
)
(C:\Users\kelly\AppData\Local\Programs\MiKTeX\tex/latex/lm\lmodern.sty
Package: lmodern 2015/05/01 v1.6.1 Latin Modern Fonts
LaTeX Font Info:    Overwriting symbol font `operators' in version `normal'
(Font)                  OT1/cmr/m/n --> OT1/lmr/m/n on input line 22.
LaTeX Font Info:    Overwriting symbol font `letters' in version `normal'
(Font)                  OML/cmm/m/it --> OML/lmm/m/it on input line 23.
LaTeX Font Info:    Overwriting symbol font `symbols' in version `normal'
(Font)                  OMS/cmsy/m/n --> OMS/lmsy/m/n on input line 24.
LaTeX Font Info:    Overwriting symbol font `largesymbols' in version `normal'
(Font)                  OMX/cmex/m/n --> OMX/lmex/m/n on input line 25.
LaTeX Font Info:    Overwriting symbol font `operators' in version `bold'
(Font)                  OT1/cmr/bx/n --> OT1/lmr/bx/n on input line 26.
LaTeX Font Info:    Overwriting symbol font `letters' in version `bold'
(Font)                  OML/cmm/b/it --> OML/lmm/b/it on input line 27.
LaTeX Font Info:    Overwriting symbol font `symbols' in version `bold'
(Font)                  OMS/cmsy/b/n --> OMS/lmsy/b/n on input line 28.
LaTeX Font Info:    Overwriting symbol font `largesymbols' in version `bold'
(Font)                  OMX/cmex/m/n --> OMX/lmex/m/n on input line 29.
LaTeX Font Info:    Overwriting math alphabet `\mathbf' in version `normal'
(Font)                  OT1/cmr/bx/n --> OT1/lmr/bx/n on input line 31.
LaTeX Font Info:    Overwriting math alphabet `\mathsf' in version `normal'
(Font)                  OT1/cmss/m/n --> OT1/lmss/m/n on input line 32.
LaTeX Font Info:    Overwriting math alphabet `\mathit' in version `normal'
(Font)                  OT1/cmr/m/it --> OT1/lmr/m/it on input line 33.
LaTeX Font Info:    Overwriting math alphabet `\mathtt' in version `normal'
(Font)                  OT1/cmtt/m/n --> OT1/lmtt/m/n on input line 34.
LaTeX Font Info:    Overwriting math alphabet `\mathbf' in version `bold'
(Font)                  OT1/cmr/bx/n --> OT1/lmr/bx/n on input line 35.
LaTeX Font Info:    Overwriting math alphabet `\mathsf' in version `bold'
(Font)                  OT1/cmss/bx/n --> OT1/lmss/bx/n on input line 36.
LaTeX Font Info:    Overwriting math alphabet `\mathit' in version `bold'
(Font)                  OT1/cmr/bx/it --> OT1/lmr/bx/it on input line 37.
LaTeX Font Info:    Overwriting math alphabet `\mathtt' in version `bold'
(Font)                  OT1/cmtt/m/n --> OT1/lmtt/m/n on input line 38.
)
(C:\Users\kelly\AppData\Local\Programs\MiKTeX\tex/latex/base\fontenc.sty
Package: fontenc 2021/04/29 v2.0v Standard LaTeX package
LaTeX Font Info:    Trying to load font information for T1+lmr on input line 11
2.

(C:\Users\kelly\AppData\Local\Programs\MiKTeX\tex/latex/lm\t1lmr.fd
File: t1lmr.fd 2015/05/01 v1.6.1 Font defs for Latin Modern
))
(C:\Users\kelly\AppData\Local\Programs\MiKTeX\tex/latex/base\inputenc.sty
Package: inputenc 2021/02/14 v1.3d Input encoding file
\inpenc@prehook=\toks31
\inpenc@posthook=\toks32
)
(C:\Users\kelly\AppData\Local\Programs\MiKTeX\tex/latex/tools\indentfirst.sty
Package: indentfirst 2023/07/02 v1.03 Indent first paragraph (DPC)
)
(C:\Users\kelly\AppData\Local\Programs\MiKTeX\tex/latex/graphics\color.sty
Package: color 2022/01/06 v1.3d Standard LaTeX Color (DPC)

(C:\Users\kelly\AppData\Local\Programs\MiKTeX\tex/latex/graphics-cfg\color.cfg
File: color.cfg 2016/01/02 v1.6 sample color configuration
)
Package color Info: Driver file: pdftex.def on input line 149.

(C:\Users\kelly\AppData\Local\Programs\MiKTeX\tex/latex/graphics-def\pdftex.def
File: pdftex.def 2022/09/22 v1.2b Graphics/color driver for pdftex
)
(C:\Users\kelly\AppData\Local\Programs\MiKTeX\tex/latex/graphics\mathcolor.ltx)
) (C:\Users\kelly\AppData\Local\Programs\MiKTeX\tex/latex/graphics\graphicx.sty
Package: graphicx 2021/09/16 v1.2d Enhanced LaTeX Graphics (DPC,SPQR)
(C:\Users\kelly\AppData\Local\Programs\MiKTeX\tex/latex/graphics\graphics.sty
Package: graphics 2022/03/10 v1.4e Standard LaTeX Graphics (DPC,SPQR)

(C:\Users\kelly\AppData\Local\Programs\MiKTeX\tex/latex/graphics\trig.sty
Package: trig 2021/08/11 v1.11 sin cos tan (DPC)
)
(C:\Users\kelly\AppData\Local\Programs\MiKTeX\tex/latex/graphics-cfg\graphics.c
fg
File: graphics.cfg 2016/06/04 v1.11 sample graphics configuration
)
Package graphics Info: Driver file: pdftex.def on input line 107.
)
\Gin@req@height=\dimen259
\Gin@req@width=\dimen260
)
(C:\Users\kelly\AppData\Local\Programs\MiKTeX\tex/latex/microtype\microtype.sty
Package: microtype 2025/02/11 v3.2a Micro-typographical refinements (RS)
\MT@toks=\toks33
\MT@tempbox=\box65
\MT@count=\count355
LaTeX Info: Redefining \noprotrusionifhmode on input line 1087.
LaTeX Info: Redefining \leftprotrusion on input line 1088.
\MT@prot@toks=\toks34
LaTeX Info: Redefining \rightprotrusion on input line 1107.
LaTeX Info: Redefining \textls on input line 1449.
\MT@outer@kern=\dimen261
LaTeX Info: Redefining \microtypecontext on input line 2053.
LaTeX Info: Redefining \textmicrotypecontext on input line 2070.
\MT@listname@count=\count356

(C:\Users\kelly\AppData\Local\Programs\MiKTeX\tex/latex/microtype\microtype-pdf
tex.def
File: microtype-pdftex.def 2025/02/11 v3.2a Definitions specific to pdftex (RS)

LaTeX Info: Redefining \lsstyle on input line 944.
LaTeX Info: Redefining \lslig on input line 944.
\MT@outer@space=\skip261
)
Package microtype Info: Loading configuration file microtype.cfg.

(C:\Users\kelly\AppData\Local\Programs\MiKTeX\tex/latex/microtype\microtype.cfg
File: microtype.cfg 2025/02/11 v3.2a microtype main configuration file (RS)
)
LaTeX Info: Redefining \microtypesetup on input line 3065.
)
(C:\Users\kelly\AppData\Local\Programs\MiKTeX\tex/latex/pgfplots\pgfplots.sty
(C:\Users\kelly\AppData\Local\Programs\MiKTeX\tex/generic/pgfplots\pgfplots.rev
ision.tex)
Package: pgfplots 2021/05/15 v1.18.1 Data Visualization (1.18.1)

(C:\Users\kelly\AppData\Local\Programs\MiKTeX\tex/latex/pgf/frontendlayer\tikz.
sty
(C:\Users\kelly\AppData\Local\Programs\MiKTeX\tex/latex/pgf/basiclayer\pgf.sty
(C:\Users\kelly\AppData\Local\Programs\MiKTeX\tex/latex/pgf/utilities\pgfrcs.st
y
(C:\Users\kelly\AppData\Local\Programs\MiKTeX\tex/generic/pgf/utilities\pgfutil
-common.tex
\pgfutil@everybye=\toks35
\pgfutil@tempdima=\dimen262
\pgfutil@tempdimb=\dimen263
)
(C:\Users\kelly\AppData\Local\Programs\MiKTeX\tex/generic/pgf/utilities\pgfutil
-latex.def
\pgfutil@abb=\box66
)
(C:\Users\kelly\AppData\Local\Programs\MiKTeX\tex/generic/pgf/utilities\pgfrcs.
code.tex
(C:\Users\kelly\AppData\Local\Programs\MiKTeX\tex/generic/pgf\pgf.revision.tex)
Package: pgfrcs 2023-01-15 v3.1.10 (3.1.10)
))
Package: pgf 2023-01-15 v3.1.10 (3.1.10)

(C:\Users\kelly\AppData\Local\Programs\MiKTeX\tex/latex/pgf/basiclayer\pgfcore.
sty
(C:\Users\kelly\AppData\Local\Programs\MiKTeX\tex/latex/pgf/systemlayer\pgfsys.
sty
(C:\Users\kelly\AppData\Local\Programs\MiKTeX\tex/generic/pgf/systemlayer\pgfsy
s.code.tex
Package: pgfsys 2023-01-15 v3.1.10 (3.1.10)

(C:\Users\kelly\AppData\Local\Programs\MiKTeX\tex/generic/pgf/utilities\pgfkeys
.code.tex
\pgfkeys@pathtoks=\toks36
\pgfkeys@temptoks=\toks37

(C:\Users\kelly\AppData\Local\Programs\MiKTeX\tex/generic/pgf/utilities\pgfkeys
libraryfiltered.code.tex
\pgfkeys@tmptoks=\toks38
))
\pgf@x=\dimen264
\pgf@y=\dimen265
\pgf@xa=\dimen266
\pgf@ya=\dimen267
\pgf@xb=\dimen268
\pgf@yb=\dimen269
\pgf@xc=\dimen270
\pgf@yc=\dimen271
\pgf@xd=\dimen272
\pgf@yd=\dimen273
\w@pgf@writea=\write4
\r@pgf@reada=\read4
\c@pgf@counta=\count357
\c@pgf@countb=\count358
\c@pgf@countc=\count359
\c@pgf@countd=\count360
\t@pgf@toka=\toks39
\t@pgf@tokb=\toks40
\t@pgf@tokc=\toks41
\pgf@sys@id@count=\count361

(C:\Users\kelly\AppData\Local\Programs\MiKTeX\tex/generic/pgf/systemlayer\pgf.c
fg
File: pgf.cfg 2023-01-15 v3.1.10 (3.1.10)
)
Driver file for pgf: pgfsys-pdftex.def

(C:\Users\kelly\AppData\Local\Programs\MiKTeX\tex/generic/pgf/systemlayer\pgfsy
s-pdftex.def
File: pgfsys-pdftex.def 2023-01-15 v3.1.10 (3.1.10)

(C:\Users\kelly\AppData\Local\Programs\MiKTeX\tex/generic/pgf/systemlayer\pgfsy
s-common-pdf.def
File: pgfsys-common-pdf.def 2023-01-15 v3.1.10 (3.1.10)
)))
(C:\Users\kelly\AppData\Local\Programs\MiKTeX\tex/generic/pgf/systemlayer\pgfsy
ssoftpath.code.tex
File: pgfsyssoftpath.code.tex 2023-01-15 v3.1.10 (3.1.10)
\pgfsyssoftpath@smallbuffer@items=\count362
\pgfsyssoftpath@bigbuffer@items=\count363
)
(C:\Users\kelly\AppData\Local\Programs\MiKTeX\tex/generic/pgf/systemlayer\pgfsy
sprotocol.code.tex
File: pgfsysprotocol.code.tex 2023-01-15 v3.1.10 (3.1.10)
))
(C:\Users\kelly\AppData\Local\Programs\MiKTeX\tex/latex/xcolor\xcolor.sty
Package: xcolor 2023/11/15 v3.01 LaTeX color extensions (UK)

(C:\Users\kelly\AppData\Local\Programs\MiKTeX\tex/latex/graphics-cfg\color.cfg
File: color.cfg 2016/01/02 v1.6 sample color configuration
)
Package xcolor Info: Driver file: pdftex.def on input line 274.
LaTeX Info: Redefining \color on input line 758.
(C:\Users\kelly\AppData\Local\Programs\MiKTeX\tex/latex/graphics\mathcolor.ltx)
Package xcolor Info: Model `cmy' substituted by `cmy0' on input line 1350.
Package xcolor Info: Model `hsb' substituted by `rgb' on input line 1354.
Package xcolor Info: Model `RGB' extended on input line 1366.
Package xcolor Info: Model `HTML' substituted by `rgb' on input line 1368.
Package xcolor Info: Model `Hsb' substituted by `hsb' on input line 1369.
Package xcolor Info: Model `tHsb' substituted by `hsb' on input line 1370.
Package xcolor Info: Model `HSB' substituted by `hsb' on input line 1371.
Package xcolor Info: Model `Gray' substituted by `gray' on input line 1372.
Package xcolor Info: Model `wave' substituted by `hsb' on input line 1373.
)
(C:\Users\kelly\AppData\Local\Programs\MiKTeX\tex/generic/pgf/basiclayer\pgfcor
e.code.tex
Package: pgfcore 2023-01-15 v3.1.10 (3.1.10)

(C:\Users\kelly\AppData\Local\Programs\MiKTeX\tex/generic/pgf/math\pgfmath.code
.tex
(C:\Users\kelly\AppData\Local\Programs\MiKTeX\tex/generic/pgf/math\pgfmathutil.
code.tex)
(C:\Users\kelly\AppData\Local\Programs\MiKTeX\tex/generic/pgf/math\pgfmathparse
r.code.tex
\pgfmath@dimen=\dimen274
\pgfmath@count=\count364
\pgfmath@box=\box67
\pgfmath@toks=\toks42
\pgfmath@stack@operand=\toks43
\pgfmath@stack@operation=\toks44
)
(C:\Users\kelly\AppData\Local\Programs\MiKTeX\tex/generic/pgf/math\pgfmathfunct
ions.code.tex)
(C:\Users\kelly\AppData\Local\Programs\MiKTeX\tex/generic/pgf/math\pgfmathfunct
ions.basic.code.tex)
(C:\Users\kelly\AppData\Local\Programs\MiKTeX\tex/generic/pgf/math\pgfmathfunct
ions.trigonometric.code.tex)
(C:\Users\kelly\AppData\Local\Programs\MiKTeX\tex/generic/pgf/math\pgfmathfunct
ions.random.code.tex)
(C:\Users\kelly\AppData\Local\Programs\MiKTeX\tex/generic/pgf/math\pgfmathfunct
ions.comparison.code.tex)
(C:\Users\kelly\AppData\Local\Programs\MiKTeX\tex/generic/pgf/math\pgfmathfunct
ions.base.code.tex)
(C:\Users\kelly\AppData\Local\Programs\MiKTeX\tex/generic/pgf/math\pgfmathfunct
ions.round.code.tex)
(C:\Users\kelly\AppData\Local\Programs\MiKTeX\tex/generic/pgf/math\pgfmathfunct
ions.misc.code.tex)
(C:\Users\kelly\AppData\Local\Programs\MiKTeX\tex/generic/pgf/math\pgfmathfunct
ions.integerarithmetics.code.tex)
(C:\Users\kelly\AppData\Local\Programs\MiKTeX\tex/generic/pgf/math\pgfmathcalc.
code.tex)
(C:\Users\kelly\AppData\Local\Programs\MiKTeX\tex/generic/pgf/math\pgfmathfloat
.code.tex
\c@pgfmathroundto@lastzeros=\count365
))
(C:\Users\kelly\AppData\Local\Programs\MiKTeX\tex/generic/pgf/math\pgfint.code.
tex)
(C:\Users\kelly\AppData\Local\Programs\MiKTeX\tex/generic/pgf/basiclayer\pgfcor
epoints.code.tex
File: pgfcorepoints.code.tex 2023-01-15 v3.1.10 (3.1.10)
\pgf@picminx=\dimen275
\pgf@picmaxx=\dimen276
\pgf@picminy=\dimen277
\pgf@picmaxy=\dimen278
\pgf@pathminx=\dimen279
\pgf@pathmaxx=\dimen280
\pgf@pathminy=\dimen281
\pgf@pathmaxy=\dimen282
\pgf@xx=\dimen283
\pgf@xy=\dimen284
\pgf@yx=\dimen285
\pgf@yy=\dimen286
\pgf@zx=\dimen287
\pgf@zy=\dimen288
)
(C:\Users\kelly\AppData\Local\Programs\MiKTeX\tex/generic/pgf/basiclayer\pgfcor
epathconstruct.code.tex
File: pgfcorepathconstruct.code.tex 2023-01-15 v3.1.10 (3.1.10)
\pgf@path@lastx=\dimen289
\pgf@path@lasty=\dimen290
)
(C:\Users\kelly\AppData\Local\Programs\MiKTeX\tex/generic/pgf/basiclayer\pgfcor
epathusage.code.tex
File: pgfcorepathusage.code.tex 2023-01-15 v3.1.10 (3.1.10)
\pgf@shorten@end@additional=\dimen291
\pgf@shorten@start@additional=\dimen292
)
(C:\Users\kelly\AppData\Local\Programs\MiKTeX\tex/generic/pgf/basiclayer\pgfcor
escopes.code.tex
File: pgfcorescopes.code.tex 2023-01-15 v3.1.10 (3.1.10)
\pgfpic=\box68
\pgf@hbox=\box69
\pgf@layerbox@main=\box70
\pgf@picture@serial@count=\count366
)
(C:\Users\kelly\AppData\Local\Programs\MiKTeX\tex/generic/pgf/basiclayer\pgfcor
egraphicstate.code.tex
File: pgfcoregraphicstate.code.tex 2023-01-15 v3.1.10 (3.1.10)
\pgflinewidth=\dimen293
)
(C:\Users\kelly\AppData\Local\Programs\MiKTeX\tex/generic/pgf/basiclayer\pgfcor
etransformations.code.tex
File: pgfcoretransformations.code.tex 2023-01-15 v3.1.10 (3.1.10)
\pgf@pt@x=\dimen294
\pgf@pt@y=\dimen295
\pgf@pt@temp=\dimen296
)
(C:\Users\kelly\AppData\Local\Programs\MiKTeX\tex/generic/pgf/basiclayer\pgfcor
equick.code.tex
File: pgfcorequick.code.tex 2023-01-15 v3.1.10 (3.1.10)
)
(C:\Users\kelly\AppData\Local\Programs\MiKTeX\tex/generic/pgf/basiclayer\pgfcor
eobjects.code.tex
File: pgfcoreobjects.code.tex 2023-01-15 v3.1.10 (3.1.10)
)
(C:\Users\kelly\AppData\Local\Programs\MiKTeX\tex/generic/pgf/basiclayer\pgfcor
epathprocessing.code.tex
File: pgfcorepathprocessing.code.tex 2023-01-15 v3.1.10 (3.1.10)
)
(C:\Users\kelly\AppData\Local\Programs\MiKTeX\tex/generic/pgf/basiclayer\pgfcor
earrows.code.tex
File: pgfcorearrows.code.tex 2023-01-15 v3.1.10 (3.1.10)
\pgfarrowsep=\dimen297
)
(C:\Users\kelly\AppData\Local\Programs\MiKTeX\tex/generic/pgf/basiclayer\pgfcor
eshade.code.tex
File: pgfcoreshade.code.tex 2023-01-15 v3.1.10 (3.1.10)
\pgf@max=\dimen298
\pgf@sys@shading@range@num=\count367
\pgf@shadingcount=\count368
)
(C:\Users\kelly\AppData\Local\Programs\MiKTeX\tex/generic/pgf/basiclayer\pgfcor
eimage.code.tex
File: pgfcoreimage.code.tex 2023-01-15 v3.1.10 (3.1.10)
)
(C:\Users\kelly\AppData\Local\Programs\MiKTeX\tex/generic/pgf/basiclayer\pgfcor
eexternal.code.tex
File: pgfcoreexternal.code.tex 2023-01-15 v3.1.10 (3.1.10)
\pgfexternal@startupbox=\box71
)
(C:\Users\kelly\AppData\Local\Programs\MiKTeX\tex/generic/pgf/basiclayer\pgfcor
elayers.code.tex
File: pgfcorelayers.code.tex 2023-01-15 v3.1.10 (3.1.10)
)
(C:\Users\kelly\AppData\Local\Programs\MiKTeX\tex/generic/pgf/basiclayer\pgfcor
etransparency.code.tex
File: pgfcoretransparency.code.tex 2023-01-15 v3.1.10 (3.1.10)
)
(C:\Users\kelly\AppData\Local\Programs\MiKTeX\tex/generic/pgf/basiclayer\pgfcor
epatterns.code.tex
File: pgfcorepatterns.code.tex 2023-01-15 v3.1.10 (3.1.10)
)
(C:\Users\kelly\AppData\Local\Programs\MiKTeX\tex/generic/pgf/basiclayer\pgfcor
erdf.code.tex
File: pgfcorerdf.code.tex 2023-01-15 v3.1.10 (3.1.10)
)))
(C:\Users\kelly\AppData\Local\Programs\MiKTeX\tex/generic/pgf/modules\pgfmodule
shapes.code.tex
File: pgfmoduleshapes.code.tex 2023-01-15 v3.1.10 (3.1.10)
\pgfnodeparttextbox=\box72
)
(C:\Users\kelly\AppData\Local\Programs\MiKTeX\tex/generic/pgf/modules\pgfmodule
plot.code.tex
File: pgfmoduleplot.code.tex 2023-01-15 v3.1.10 (3.1.10)
)
(C:\Users\kelly\AppData\Local\Programs\MiKTeX\tex/latex/pgf/compatibility\pgfco
mp-version-0-65.sty
Package: pgfcomp-version-0-65 2023-01-15 v3.1.10 (3.1.10)
\pgf@nodesepstart=\dimen299
\pgf@nodesepend=\dimen300
)
(C:\Users\kelly\AppData\Local\Programs\MiKTeX\tex/latex/pgf/compatibility\pgfco
mp-version-1-18.sty
Package: pgfcomp-version-1-18 2023-01-15 v3.1.10 (3.1.10)
))
(C:\Users\kelly\AppData\Local\Programs\MiKTeX\tex/latex/pgf/utilities\pgffor.st
y
(C:\Users\kelly\AppData\Local\Programs\MiKTeX\tex/latex/pgf/utilities\pgfkeys.s
ty
(C:\Users\kelly\AppData\Local\Programs\MiKTeX\tex/generic/pgf/utilities\pgfkeys
.code.tex))
(C:\Users\kelly\AppData\Local\Programs\MiKTeX\tex/latex/pgf/math\pgfmath.sty
(C:\Users\kelly\AppData\Local\Programs\MiKTeX\tex/generic/pgf/math\pgfmath.code
.tex))
(C:\Users\kelly\AppData\Local\Programs\MiKTeX\tex/generic/pgf/utilities\pgffor.
code.tex
Package: pgffor 2023-01-15 v3.1.10 (3.1.10)
\pgffor@iter=\dimen301
\pgffor@skip=\dimen302
\pgffor@stack=\toks45
\pgffor@toks=\toks46
))
(C:\Users\kelly\AppData\Local\Programs\MiKTeX\tex/generic/pgf/frontendlayer/tik
z\tikz.code.tex
Package: tikz 2023-01-15 v3.1.10 (3.1.10)

(C:\Users\kelly\AppData\Local\Programs\MiKTeX\tex/generic/pgf/libraries\pgflibr
aryplothandlers.code.tex
File: pgflibraryplothandlers.code.tex 2023-01-15 v3.1.10 (3.1.10)
\pgf@plot@mark@count=\count369
\pgfplotmarksize=\dimen303
)
\tikz@lastx=\dimen304
\tikz@lasty=\dimen305
\tikz@lastxsaved=\dimen306
\tikz@lastysaved=\dimen307
\tikz@lastmovetox=\dimen308
\tikz@lastmovetoy=\dimen309
\tikzleveldistance=\dimen310
\tikzsiblingdistance=\dimen311
\tikz@figbox=\box73
\tikz@figbox@bg=\box74
\tikz@tempbox=\box75
\tikz@tempbox@bg=\box76
\tikztreelevel=\count370
\tikznumberofchildren=\count371
\tikznumberofcurrentchild=\count372
\tikz@fig@count=\count373

(C:\Users\kelly\AppData\Local\Programs\MiKTeX\tex/generic/pgf/modules\pgfmodule
matrix.code.tex
File: pgfmodulematrix.code.tex 2023-01-15 v3.1.10 (3.1.10)
\pgfmatrixcurrentrow=\count374
\pgfmatrixcurrentcolumn=\count375
\pgf@matrix@numberofcolumns=\count376
)
\tikz@expandcount=\count377

(C:\Users\kelly\AppData\Local\Programs\MiKTeX\tex/generic/pgf/frontendlayer/tik
z/libraries\tikzlibrarytopaths.code.tex
File: tikzlibrarytopaths.code.tex 2023-01-15 v3.1.10 (3.1.10)
)))
(C:\Users\kelly\AppData\Local\Programs\MiKTeX\tex/generic/pgfplots\pgfplots.cod
e.tex
(C:\Users\kelly\AppData\Local\Programs\MiKTeX\tex/generic/pgfplots\pgfplotscore
.code.tex
\t@pgfplots@toka=\toks47
\t@pgfplots@tokb=\toks48
\t@pgfplots@tokc=\toks49
\pgfplots@tmpa=\dimen312
\c@pgfplots@coordindex=\count378
\c@pgfplots@scanlineindex=\count379

(C:\Users\kelly\AppData\Local\Programs\MiKTeX\tex/generic/pgfplots/sys\pgfplots
sysgeneric.code.tex))
(C:\Users\kelly\AppData\Local\Programs\MiKTeX\tex/generic/pgfplots/libs\pgfplot
slibrary.code.tex)
(C:\Users\kelly\AppData\Local\Programs\MiKTeX\tex/generic/pgfplots/oldpgfcompat
ib\pgfplotsoldpgfsupp_loader.code.tex
(C:\Users\kelly\AppData\Local\Programs\MiKTeX\tex/generic/pgf/libraries\pgflibr
aryfpu.code.tex)
Package pgfplots: loading complementary utilities for your pgf version...
\t@pgf@toka=\toks50
\t@pgf@tokb=\toks51
\t@pgf@tokc=\toks52

(C:\Users\kelly\AppData\Local\Programs\MiKTeX\tex/generic/pgfplots/oldpgfcompat
ib\pgfplotsoldpgfsupp_pgfutil-common-lists.tex))
(C:\Users\kelly\AppData\Local\Programs\MiKTeX\tex/generic/pgfplots/util\pgfplot
sutil.code.tex
(C:\Users\kelly\AppData\Local\Programs\MiKTeX\tex/generic/pgfplots/liststructur
e\pgfplotsliststructure.code.tex)
(C:\Users\kelly\AppData\Local\Programs\MiKTeX\tex/generic/pgfplots/liststructur
e\pgfplotsliststructureext.code.tex)
(C:\Users\kelly\AppData\Local\Programs\MiKTeX\tex/generic/pgfplots/liststructur
e\pgfplotsarray.code.tex
\c@pgfplotsarray@tmp=\count380
)
(C:\Users\kelly\AppData\Local\Programs\MiKTeX\tex/generic/pgfplots/liststructur
e\pgfplotsmatrix.code.tex)
(C:\Users\kelly\AppData\Local\Programs\MiKTeX\tex/generic/pgfplots/numtable\pgf
plotstableshared.code.tex
\c@pgfplotstable@counta=\count381
\t@pgfplotstable@a=\toks53
)
(C:\Users\kelly\AppData\Local\Programs\MiKTeX\tex/generic/pgfplots/liststructur
e\pgfplotsdeque.code.tex)
(C:\Users\kelly\AppData\Local\Programs\MiKTeX\tex/generic/pgfplots/util\pgfplot
sbinary.code.tex
(C:\Users\kelly\AppData\Local\Programs\MiKTeX\tex/generic/pgfplots/util\pgfplot
sbinary.data.code.tex))
(C:\Users\kelly\AppData\Local\Programs\MiKTeX\tex/generic/pgfplots/util\pgfplot
sutil.verb.code.tex)
(C:\Users\kelly\AppData\Local\Programs\MiKTeX\tex/generic/pgfplots/libs\pgflibr
arypgfplots.surfshading.code.tex
\c@pgfplotslibrarysurf@no=\count382

(C:\Users\kelly\AppData\Local\Programs\MiKTeX\tex/generic/pgfplots/sys\pgflibra
rypgfplots.surfshading.pgfsys-pdftex.def)))
(C:\Users\kelly\AppData\Local\Programs\MiKTeX\tex/generic/pgfplots/util\pgfplot
scolormap.code.tex
(C:\Users\kelly\AppData\Local\Programs\MiKTeX\tex/generic/pgfplots/util\pgfplot
scolor.code.tex))
(C:\Users\kelly\AppData\Local\Programs\MiKTeX\tex/generic/pgfplots\pgfplotsstac
kedplots.code.tex)
(C:\Users\kelly\AppData\Local\Programs\MiKTeX\tex/generic/pgfplots\pgfplotsplot
handlers.code.tex
(C:\Users\kelly\AppData\Local\Programs\MiKTeX\tex/generic/pgfplots\pgfplotsmesh
plothandler.code.tex
(C:\Users\kelly\AppData\Local\Programs\MiKTeX\tex/generic/pgfplots\pgfplotsmesh
plotimage.code.tex)))
(C:\Users\kelly\AppData\Local\Programs\MiKTeX\tex/generic/pgfplots\pgfplots.sca
ling.code.tex)
(C:\Users\kelly\AppData\Local\Programs\MiKTeX\tex/generic/pgfplots\pgfplotscoor
dprocessing.code.tex)
(C:\Users\kelly\AppData\Local\Programs\MiKTeX\tex/generic/pgfplots\pgfplots.err
orbars.code.tex)
(C:\Users\kelly\AppData\Local\Programs\MiKTeX\tex/generic/pgfplots\pgfplots.mar
kers.code.tex)
(C:\Users\kelly\AppData\Local\Programs\MiKTeX\tex/generic/pgfplots\pgfplotstick
s.code.tex)
(C:\Users\kelly\AppData\Local\Programs\MiKTeX\tex/generic/pgfplots\pgfplots.pat
hs.code.tex)
(C:\Users\kelly\AppData\Local\Programs\MiKTeX\tex/generic/pgf/frontendlayer/tik
z/libraries\tikzlibrarydecorations.code.tex
(C:\Users\kelly\AppData\Local\Programs\MiKTeX\tex/generic/pgf/modules\pgfmodule
decorations.code.tex
\pgfdecoratedcompleteddistance=\dimen313
\pgfdecoratedremainingdistance=\dimen314
\pgfdecoratedinputsegmentcompleteddistance=\dimen315
\pgfdecoratedinputsegmentremainingdistance=\dimen316
\pgf@decorate@distancetomove=\dimen317
\pgf@decorate@repeatstate=\count383
\pgfdecorationsegmentamplitude=\dimen318
\pgfdecorationsegmentlength=\dimen319
)
\tikz@lib@dec@box=\box77
)
(C:\Users\kelly\AppData\Local\Programs\MiKTeX\tex/generic/pgf/frontendlayer/tik
z/libraries\tikzlibrarydecorations.pathmorphing.code.tex
(C:\Users\kelly\AppData\Local\Programs\MiKTeX\tex/generic/pgf/libraries/decorat
ions\pgflibrarydecorations.pathmorphing.code.tex))
(C:\Users\kelly\AppData\Local\Programs\MiKTeX\tex/generic/pgf/frontendlayer/tik
z/libraries\tikzlibrarydecorations.pathreplacing.code.tex
(C:\Users\kelly\AppData\Local\Programs\MiKTeX\tex/generic/pgf/libraries/decorat
ions\pgflibrarydecorations.pathreplacing.code.tex))
(C:\Users\kelly\AppData\Local\Programs\MiKTeX\tex/generic/pgfplots/libs\tikzlib
rarypgfplots.contourlua.code.tex)
\pgfplots@numplots=\count384
\pgfplots@xmin@reg=\dimen320
\pgfplots@xmax@reg=\dimen321
\pgfplots@ymin@reg=\dimen322
\pgfplots@ymax@reg=\dimen323
\pgfplots@zmin@reg=\dimen324
\pgfplots@zmax@reg=\dimen325
)
(C:\Users\kelly\AppData\Local\Programs\MiKTeX\tex/generic/pgf/frontendlayer/tik
z/libraries\tikzlibraryplotmarks.code.tex
File: tikzlibraryplotmarks.code.tex 2023-01-15 v3.1.10 (3.1.10)

(C:\Users\kelly\AppData\Local\Programs\MiKTeX\tex/generic/pgf/libraries\pgflibr
aryplotmarks.code.tex
File: pgflibraryplotmarks.code.tex 2023-01-15 v3.1.10 (3.1.10)
)))
(C:\Users\kelly\AppData\Local\Programs\MiKTeX\tex/latex/adjustbox\adjustbox.sty
Package: adjustbox 2025/02/26 v1.3c Adjusting TeX boxes (trim, clip, ...)
(C:\Users\kelly\AppData\Local\Programs\MiKTeX\tex/latex/xkeyval\xkeyval.sty
Package: xkeyval 2022/06/16 v2.9 package option processing (HA)

(C:\Users\kelly\AppData\Local\Programs\MiKTeX\tex/generic/xkeyval\xkeyval.tex
(C:\Users\kelly\AppData\Local\Programs\MiKTeX\tex/generic/xkeyval\xkvutils.tex
\XKV@toks=\toks54
\XKV@tempa@toks=\toks55
)
\XKV@depth=\count385
File: xkeyval.tex 2014/12/03 v2.7a key=value parser (HA)
))
(C:\Users\kelly\AppData\Local\Programs\MiKTeX\tex/latex/adjustbox\adjcalc.sty
Package: adjcalc 2012/05/16 v1.1 Provides advanced setlength with multiple back
-ends (calc, etex, pgfmath)
)
(C:\Users\kelly\AppData\Local\Programs\MiKTeX\tex/latex/adjustbox\trimclip.sty
Package: trimclip 2025/02/21 v1.2a Trim and clip general TeX material

(C:\Users\kelly\AppData\Local\Programs\MiKTeX\tex/latex/collectbox\collectbox.s
ty
Package: collectbox 2022/10/17 v0.4c Collect macro arguments as boxes
\collectedbox=\box78
)
\tc@llx=\dimen326
\tc@lly=\dimen327
\tc@urx=\dimen328
\tc@ury=\dimen329
Package trimclip Info: Using driver 'tc-pdftex.def'.

(C:\Users\kelly\AppData\Local\Programs\MiKTeX\tex/latex/adjustbox\tc-pdftex.def
File: tc-pdftex.def 2025/02/26 v2.3 Clipping driver for pdftex
))
\adjbox@Width=\dimen330
\adjbox@Height=\dimen331
\adjbox@Depth=\dimen332
\adjbox@Totalheight=\dimen333
\adjbox@pwidth=\dimen334
\adjbox@pheight=\dimen335
\adjbox@pdepth=\dimen336
\adjbox@ptotalheight=\dimen337

(C:\Users\kelly\AppData\Local\Programs\MiKTeX\tex/latex/ifoddpage\ifoddpage.sty
Package: ifoddpage 2022/10/18 v1.2 Conditionals for odd/even page detection
\c@checkoddpage=\count386
LaTeX Info: Redefining \checkoddpage on input line 45.
) (C:\Users\kelly\AppData\Local\Programs\MiKTeX\tex/latex/varwidth\varwidth.sty
Package: varwidth 2009/03/30 ver 0.92;  Variable-width minipages
\@vwid@box=\box79
\sift@deathcycles=\count387
\@vwid@loff=\dimen338
\@vwid@roff=\dimen339
))
(C:\Users\kelly\AppData\Local\Programs\MiKTeX\tex/latex/ragged2e\ragged2e.sty
Package: ragged2e 2023/06/22 v3.6 ragged2e Package
\CenteringLeftskip=\skip262
\RaggedLeftLeftskip=\skip263
\RaggedRightLeftskip=\skip264
\CenteringRightskip=\skip265
\RaggedLeftRightskip=\skip266
\RaggedRightRightskip=\skip267
\CenteringParfillskip=\skip268
\RaggedLeftParfillskip=\skip269
\RaggedRightParfillskip=\skip270
\JustifyingParfillskip=\skip271
\CenteringParindent=\skip272
\RaggedLeftParindent=\skip273
\RaggedRightParindent=\skip274
\JustifyingParindent=\skip275
)
(C:\Users\kelly\AppData\Local\Programs\MiKTeX\tex/latex/caption\caption.sty
Package: caption 2023/08/05 v3.6o Customizing captions (AR)

(C:\Users\kelly\AppData\Local\Programs\MiKTeX\tex/latex/caption\caption3.sty
Package: caption3 2023/07/31 v2.4d caption3 kernel (AR)
\caption@tempdima=\dimen340
\captionmargin=\dimen341
\caption@leftmargin=\dimen342
\caption@rightmargin=\dimen343
\caption@width=\dimen344
\caption@indent=\dimen345
\caption@parindent=\dimen346
\caption@hangindent=\dimen347
Package caption Info: memoir document class detected.
Package caption Info: french babel package is loaded.

(C:\Users\kelly\AppData\Local\Programs\MiKTeX\tex/latex/caption\caption-memoir.
sto
File: caption-memoir.sto 2023/09/08 v2.2c Adaption of the caption package to th
e memoir document class (AR)
))
\c@caption@flags=\count388
\c@continuedfloat=\count389
Package caption Info: changepage package is loaded.
\caption@adjustwidth@hsize=\dimen348
\caption@adjustwidth@linewidth=\dimen349
Package caption Info: float package is loaded.
Package caption Info: hyperref package is loaded.
Package caption Info: longtable package is loaded.

(C:\Users\kelly\AppData\Local\Programs\MiKTeX\tex/latex/caption\ltcaption.sty
Package: ltcaption 2021/01/08 v1.4c longtable captions (AR)
)) (C:\Users\kelly\AppData\Local\Programs\MiKTeX\tex/latex/geometry\geometry.st
y
Package: geometry 2020/01/02 v5.9 Page Geometry

(C:\Users\kelly\AppData\Local\Programs\MiKTeX\tex/generic/iftex\ifvtex.sty
Package: ifvtex 2019/10/25 v1.7 ifvtex legacy package. Use iftex instead.
)
\Gm@cnth=\count390
\Gm@cntv=\count391
\c@Gm@tempcnt=\count392
\Gm@bindingoffset=\dimen350
\Gm@wd@mp=\dimen351
\Gm@odd@mp=\dimen352
\Gm@even@mp=\dimen353
\Gm@layoutwidth=\dimen354
\Gm@layoutheight=\dimen355
\Gm@layouthoffset=\dimen356
\Gm@layoutvoffset=\dimen357
\Gm@dimlist=\toks56

(C:\Users\kelly\AppData\Local\Programs\MiKTeX\tex/latex/geometry\geometry.cfg))
(C:\Users\kelly\AppData\Local\Programs\MiKTeX\tex/latex/lipsum\lipsum.sty
(C:\Users\kelly\AppData\Local\Programs\MiKTeX\tex/latex/l3packages/l3keys2e\l3k
eys2e.sty
Package: l3keys2e 2023-10-10 LaTeX2e option processing using LaTeX3 keys
)
Package: lipsum 2021-09-20 v2.7 150 paragraphs of Lorem Ipsum dummy text
\g__lipsum_par_int=\count393
\l__lipsum_a_int=\count394
\l__lipsum_b_int=\count395

(C:\Users\kelly\AppData\Local\Programs\MiKTeX\tex/latex/lipsum\lipsum.ltd.tex))
(C:\Users\kelly\AppData\Local\Programs\MiKTeX\tex/latex/placeins\placeins.sty
Package: placeins 2005/04/18  v 2.2
)
(C:\Users\kelly\AppData\Local\Programs\MiKTeX\tex/latex/multirow\multirow.sty
Package: multirow 2024/11/12 v2.9 Span multiple rows of a table
\multirow@colwidth=\skip276
\multirow@cntb=\count396
\multirow@dima=\skip277
\bigstrutjot=\dimen358
)
(C:\Users\kelly\AppData\Local\Programs\MiKTeX\tex/latex/qrcode\qrcode.sty
Package: qrcode 2015/01/08 v1.51 QR code generation
\c@qr@i=\count397
\c@qr@j=\count398
\qr@a=\count399
\qr@b=\count400
\qr@c=\count401
\qr@for@depth=\count402
\qr@for@maxdepth=\count403
\qr@for@start=\count404
\qr@for@end=\count405
\qr@for@step=\count406
\qr@newforcount=\count407
\qr@newforcount=\count408
\qr@desiredheight=\skip278
\qr@modulesize=\skip279
\qr@minipagewidth=\skip280
\c@maski=\count409
\c@maskj=\count410
\c@totalones=\count411
\c@penaltyi=\count412
\c@penaltyii=\count413
\c@penaltyiii=\count414
\c@penaltyiv=\count415
\c@qr@hexchars=\count416
\qr@newforcount=\count417
\c@qr@divisionsremaining=\count418
)
(C:\Users\kelly\AppData\Local\Programs\MiKTeX\tex/latex/hyperref\backref.sty
Package: backref 2023-11-26 v1.44 Bibliographical back referencing
)
(C:\Users\kelly\AppData\Local\Programs\MiKTeX\tex/latex/abntex2\abntex2cite.sty
Package: abntex2cite 2018/11/24 v-1.9.7 abnTeX2

(C:\Users\kelly\AppData\Local\Programs\MiKTeX\tex/latex/abntex2\abntex2abrev.st
y)
\minimumbiblabelwidth=\skip281
\ABCIauxlen=\skip282
\c@ABCIaux=\count419
\c@ABCImax=\count420
 (C:\Users\kelly\AppData\Local\Programs\MiKTeX\tex/generic/iftex\ifpdf.sty
Package: ifpdf 2019/10/25 v3.4 ifpdf legacy package. Use iftex instead.
)
(C:\Users\kelly\AppData\Local\Programs\MiKTeX\tex/generic/iftex\ifxetex.sty
Package: ifxetex 2019/10/25 v0.7 ifxetex legacy package. Use iftex instead.
)
(C:\Users\kelly\AppData\Local\Programs\MiKTeX\tex/latex/relsize\relsize.sty
Package: relsize 2013/03/29 ver 4.1
)
\biblabelsep=\skip283
LaTeX Info: Redefining \newblock on input line 591.
LaTeX Info: Redefining \cite on input line 618.
\ABCItoken=\toks57
)
Package hyperref Info: Option `colorlinks' set `true' on input line 165.
\@float@every@quadro=\toks58
\c@quadro=\count421
\c@loqdepth=\count422
\cftbeforequadroskip=\skip284
\cftquadroindent=\skip285
\cftquadronumwidth=\skip286
\abntex2-modelo-trabalho-academico@idxfile=\write5
\openout5 = `abntex2-modelo-trabalho-academico.idx'.


Writing index file abntex2-modelo-trabalho-academico.idx 
(abntex2-modelo-trabalho-academico.aux
<Reading QR code for "https://github.com/guilhermebschmidt/SistemaWebGestaoPous
ada/blob/main/Projeto/Gest%C3%A3o%20de%20Tarefas%20do%20Projeto.pod" at level 8
-M from aux file.>

<Reading QR code for "https://github.com/users/guilhermebschmidt/projects/1" at
 level 4-M from aux file.>

<Reading QR code for "https://github.com/guilhermebschmidt/SistemaWebGestaoPous
ada.git" at level 5-M from aux file.>

<Reading QR code for "https://github.com/guilhermebschmidt/SistemaWebGestaoPous
ada/blob/main/Documenta%C3%A7%C3%A3o/teste_funcional.md" at level 7-M from aux 
file.>
)
\openout1 = `abntex2-modelo-trabalho-academico.aux'.

LaTeX Font Info:    Checking defaults for OML/cmm/m/it on input line 222.
LaTeX Font Info:    ... okay on input line 222.
LaTeX Font Info:    Checking defaults for OMS/cmsy/m/n on input line 222.
LaTeX Font Info:    ... okay on input line 222.
LaTeX Font Info:    Checking defaults for OT1/cmr/m/n on input line 222.
LaTeX Font Info:    ... okay on input line 222.
LaTeX Font Info:    Checking defaults for T1/cmr/m/n on input line 222.
LaTeX Font Info:    ... okay on input line 222.
LaTeX Font Info:    Checking defaults for TS1/cmr/m/n on input line 222.
LaTeX Font Info:    ... okay on input line 222.
LaTeX Font Info:    Checking defaults for OMX/cmex/m/n on input line 222.
LaTeX Font Info:    ... okay on input line 222.
LaTeX Font Info:    Checking defaults for U/cmr/m/n on input line 222.
LaTeX Font Info:    ... okay on input line 222.
LaTeX Font Info:    Checking defaults for PD1/pdf/m/n on input line 222.
LaTeX Font Info:    ... okay on input line 222.
LaTeX Font Info:    Checking defaults for PU/pdf/m/n on input line 222.
LaTeX Font Info:    ... okay on input line 222.
Package hyperref Info: Link coloring ON on input line 222.
LaTeX Info: Redefining \degres on input line 222.
LaTeX Info: Redefining \up on input line 222.
\myptabbox=\box80
\myptabboxwidth=\skip287

(C:\Users\kelly\AppData\Local\Programs\MiKTeX\tex/context/base/mkii\supp-pdf.mk
ii
[Loading MPS to PDF converter (version 2006.09.02).]
\scratchcounter=\count423
\scratchdimen=\dimen359
\scratchbox=\box81
\nofMPsegments=\count424
\nofMParguments=\count425
\everyMPshowfont=\toks59
\MPscratchCnt=\count426
\MPscratchDim=\dimen360
\MPnumerator=\count427
\makeMPintoPDFobject=\count428
\everyMPtoPDFconversion=\toks60
)
(C:\Users\kelly\AppData\Local\Programs\MiKTeX\tex/latex/epstopdf-pkg\epstopdf-b
ase.sty
Package: epstopdf-base 2020-01-24 v2.11 Base part for package epstopdf
Package epstopdf-base Info: Redefining graphics rule for `.eps' on input line 4
85.

(C:\Users\kelly\AppData\Local\Programs\MiKTeX\tex/latex/00miktex\epstopdf-sys.c
fg
File: epstopdf-sys.cfg 2021/03/18 v2.0 Configuration of epstopdf for MiKTeX
))
Package microtype Info: Patching varwidth to enable character protrusion.
\MT@vwid@leftmargin=\dimen361
\MT@vwid@rightmargin=\dimen362
LaTeX Info: Redefining \microtypecontext on input line 222.
Package microtype Info: Applying patch `item' on input line 222.
Package microtype Info: Applying patch `toc' on input line 222.
Package microtype Info: Applying patch `eqnum' on input line 222.
Package microtype Info: Applying patch `footnote' on input line 222.
Package microtype Info: Applying patch `verbatim' on input line 222.
LaTeX Info: Redefining \microtypesetup on input line 222.
Package microtype Info: Generating PDF output.
Package microtype Info: Character protrusion enabled (level 2).
Package microtype Info: Using default protrusion set `alltext'.
Package microtype Info: Automatic font expansion enabled (level 2),
(microtype)             stretch: 20, shrink: 20, step: 1, non-selected.
Package microtype Info: Using default expansion set `alltext-nott'.
LaTeX Info: Redefining \showhyphens on input line 222.
Package microtype Info: No adjustment of tracking.
Package microtype Info: No adjustment of interword spacing.
Package microtype Info: No adjustment of character kerning.

(C:\Users\kelly\AppData\Local\Programs\MiKTeX\tex/latex/microtype\mt-cmr.cfg
File: mt-cmr.cfg 2013/05/19 v2.2 microtype config. file: Computer Modern Roman 
(RS)
)
Package pgfplots notification 'compat/show suggested version=true': document ha
s been generated with the most recent feature set (\pgfplotsset{compat=1.18}).

Package caption Info: Begin \AtBeginDocument code.
Package caption Info: End \AtBeginDocument code.
*geometry* driver: auto-detecting
*geometry* detected driver: pdftex
*geometry* verbose mode - [ preamble ] result:
* driver: pdftex
* paper: a4paper
* layout: <same size as paper>
* layoutoffset:(h,v)=(0.0pt,0.0pt)
* modes: 
* h-part:(L,W,R)=(72.26999pt, 452.9679pt, 72.26999pt)
* v-part:(T,H,B)=(72.26999pt, 700.50687pt, 72.26999pt)
* \paperwidth=597.50787pt
* \paperheight=845.04684pt
* \textwidth=452.9679pt
* \textheight=700.50687pt
* \oddsidemargin=0.0pt
* \evensidemargin=0.0pt
* \topmargin=-34.3738pt
* \headheight=14.5pt
* \headsep=19.8738pt
* \topskip=12.0pt
* \footskip=30.0pt
* \marginparwidth=42.9055pt
* \marginparsep=7.0pt
* \columnsep=10.0pt
* \skip\footins=12.0pt plus 4.0pt minus 4.0pt
* \hoffset=0.0pt
* \voffset=0.0pt
* \mag=1000
* \@twocolumnfalse
* \@twosidefalse
* \@mparswitchfalse
* \@reversemarginfalse
* (1in=72.27pt=25.4mm, 1cm=28.453pt)

LaTeX Font Info:    Trying to load font information for T1+lmss on input line 2
39.
(C:\Users\kelly\AppData\Local\Programs\MiKTeX\tex/latex/lm\t1lmss.fd
File: t1lmss.fd 2015/05/01 v1.6.1 Font defs for Latin Modern
)
Package microtype Info: Loading generic protrusion settings for font family
(microtype)             `lmss' (encoding: T1).
(microtype)             For optimal results, create family-specific settings.
(microtype)             See the microtype manual for details.
 [1

{C:/Users/kelly/AppData/Local/MiKTeX/fonts/map/pdftex/pdftex.map}{C:/Users/kell
y/AppData/Local/Programs/MiKTeX/fonts/enc/dvips/lm/lm-ec.enc}]
LaTeX Font Info:    Trying to load font information for OT1+lmr on input line 2
68.

(C:\Users\kelly\AppData\Local\Programs\MiKTeX\tex/latex/lm\ot1lmr.fd
File: ot1lmr.fd 2015/05/01 v1.6.1 Font defs for Latin Modern
)
LaTeX Font Info:    Trying to load font information for OML+lmm on input line 2
68.

(C:\Users\kelly\AppData\Local\Programs\MiKTeX\tex/latex/lm\omllmm.fd
File: omllmm.fd 2015/05/01 v1.6.1 Font defs for Latin Modern
)
LaTeX Font Info:    Trying to load font information for OMS+lmsy on input line 
268.

(C:\Users\kelly\AppData\Local\Programs\MiKTeX\tex/latex/lm\omslmsy.fd
File: omslmsy.fd 2015/05/01 v1.6.1 Font defs for Latin Modern
)
LaTeX Font Info:    Trying to load font information for OMX+lmex on input line 
268.

(C:\Users\kelly\AppData\Local\Programs\MiKTeX\tex/latex/lm\omxlmex.fd
File: omxlmex.fd 2015/05/01 v1.6.1 Font defs for Latin Modern
)
LaTeX Font Info:    External font `lmex10' loaded for size
(Font)              <12> on input line 268.
LaTeX Font Info:    External font `lmex10' loaded for size
(Font)              <8> on input line 268.
LaTeX Font Info:    External font `lmex10' loaded for size
(Font)              <6> on input line 268.

pdfTeX warning (ext4): destination with the same identifier (name{page.1}) has 
been already used, duplicate ignored
<to be read again> 
                   \relax 
l.268 	
        [1



] [2] [3

] (abntex2-modelo-trabalho-academico.lof) [4

]
(abntex2-modelo-trabalho-academico.loq [5

]) [6]
(abntex2-modelo-trabalho-academico.lot) [7

] [8


]
(abntex2-modelo-trabalho-academico.toc [9

] [10]
LaTeX Font Info:    External font `lmex10' loaded for size
(Font)              <14.4> on input line 118.
LaTeX Font Info:    External font `lmex10' loaded for size
(Font)              <10> on input line 118.
LaTeX Font Info:    External font `lmex10' loaded for size
(Font)              <7> on input line 118.
LaTeX Font Info:    Trying to load font information for TS1+lmss on input line 
123.

(C:\Users\kelly\AppData\Local\Programs\MiKTeX\tex/latex/lm\ts1lmss.fd
File: ts1lmss.fd 2015/05/01 v1.6.1 Font defs for Latin Modern
)
Package microtype Info: Loading generic protrusion settings for font family
(microtype)             `lmss' (encoding: TS1).
(microtype)             For optimal results, create family-specific settings.
(microtype)             See the microtype manual for details.
 [11{C:/Users/kelly/AppData/Local/Programs/MiKTeX/fonts/enc/dvips/lm/lm-ts1.enc
}]
Overfull \hbox (1.5877pt too wide) detected at line 151
 \T1/lmss/bx/n/12 100
 []


Overfull \hbox (1.5877pt too wide) detected at line 152
 \T1/lmss/bx/n/12 100
 []


Overfull \hbox (1.5877pt too wide) detected at line 153
 \T1/lmss/bx/n/12 104
 []


Overfull \hbox (1.5877pt too wide) detected at line 157
 \T1/lmss/bx/n/12 106
 []


Overfull \hbox (1.5877pt too wide) detected at line 161
 \T1/lmss/bx/n/12 110
 []


Overfull \hbox (1.5877pt too wide) detected at line 165
 \T1/lmss/bx/n/12 118
 []


Overfull \hbox (1.5877pt too wide) detected at line 166
 \T1/lmss/bx/n/12 118
 []


Overfull \hbox (1.5877pt too wide) detected at line 167
 \T1/lmss/bx/n/12 119
 []


Overfull \hbox (1.5877pt too wide) detected at line 171
 \T1/lmss/bx/n/12 120
 []


Overfull \hbox (1.5877pt too wide) detected at line 175
 \T1/lmss/bx/n/12 124
 []


Overfull \hbox (1.5877pt too wide) detected at line 179
 \T1/lmss/bx/n/12 130
 []


Overfull \hbox (1.5877pt too wide) detected at line 183
 \T1/lmss/bx/n/12 135
 []


Overfull \hbox (1.5877pt too wide) detected at line 187
 \T1/lmss/bx/n/12 143
 []

) [12] [13] [14


]
LaTeX Font Info:    Trying to load font information for TS1+lmr on input line 5
48.

(C:\Users\kelly\AppData\Local\Programs\MiKTeX\tex/latex/lm\ts1lmr.fd
File: ts1lmr.fd 2015/05/01 v1.6.1 Font defs for Latin Modern
) [15]
[16] [17]
Overfull \hbox (8.3749pt too wide) in paragraph at lines 602--629
 [][] 
 []

[18] [19

] [20]
Overfull \hbox (1.06152pt too wide) in paragraph at lines 707--723
 [][] 
 []

[21

] [22]
Overfull \hbox (0.96634pt too wide) in paragraph at lines 739--739
 []|\T1/lmr/bx/n/12 (-20) Cdigo| 
 []


Overfull \hbox (4.07256pt too wide) in paragraph at lines 739--739
[]|\T1/lmr/bx/n/12 (-20) Prioridade|  
 []


Underfull \hbox (badness 10000) in paragraph at lines 732--752

 []


Underfull \hbox (badness 10000) in paragraph at lines 760--760
[]|\T1/lmr/m/n/12 (+20) Implementar fun-ci-o-na-li-da-des de
 []

[23] [24]


<QR code requested for "https://github.com/guilhermebschmidt/SistemaWebGestaoPo
usada/blob/main/Projeto/Gest%C3%A3o%20de%20Tarefas%20do%20Projeto.pod" in versi
on 0-M.>

<Copying the QR code for "https://github.com/guilhermebschmidt/SistemaWebGestao
Pousada/blob/main/Projeto/Gest%C3%A3o%20de%20Tarefas%20do%20Projeto.pod" in ver
sion 8-M as previously calculated.>



<QR code requested for "https://github.com/users/guilhermebschmidt/projects/1" 
in version 0-M.>

<Copying the QR code for "https://github.com/users/guilhermebschmidt/projects/1
" in version 4-M as previously calculated.>
[25]
Overfull \hbox (1.0611pt too wide) in paragraph at lines 879--900
 [][] 
 []


Underfull \hbox (badness 10000) in paragraph at lines 874--901

 []


Underfull \hbox (badness 3872) in paragraph at lines 911--912
[]|\T1/lmr/m/n/12 (+20) H cus-tos adi-ci-o-nais
 []


Underfull \hbox (badness 1337) in paragraph at lines 913--914
\T1/lmr/m/n/12 (+20) a ar-qui-te-tura Django
 []


Overfull \hbox (1.0611pt too wide) in paragraph at lines 905--918
 [][] 
 []

[26] [27]
Overfull \hbox (2.80435pt too wide) in paragraph at lines 930--930
 []|\T1/lmr/bx/n/12 (-20) Risco| 
 []


Overfull \hbox (13.46107pt too wide) in paragraph at lines 928--946
 [][] 
 []


Underfull \hbox (badness 10000) in paragraph at lines 923--947

 []


Overfull \hbox (2.80435pt too wide) in paragraph at lines 954--954
 []|\T1/lmr/bx/n/12 (-20) Risco| 
 []


Overfull \hbox (13.46107pt too wide) in paragraph at lines 952--966
 [][] 
 []

[28]
Overfull \hbox (13.46107pt too wide) in paragraph at lines 972--978
 [][] 
 []

[29] [30] [31] [32]
Underfull \hbox (badness 10000) in paragraph at lines 1050--1051

 []

[33

]
Underfull \hbox (badness 10000) in paragraph at lines 1071--1099

 []

[34]
Overfull \hbox (4.07256pt too wide) in paragraph at lines 1139--1139
 []|\T1/lmr/bx/n/12 (-20) Prioridade| 
 []


Underfull \hbox (badness 1005) in paragraph at lines 1145--1145
\T1/lmr/m/n/12 (+20) seja ca-das-trada: nome com-pleto, en-
 []


Overfull \hbox (1.06108pt too wide) in paragraph at lines 1137--1158
 [][] 
 []

[35]
Overfull \hbox (4.07256pt too wide) in paragraph at lines 1166--1166
 []|\T1/lmr/bx/n/12 (-20) Prioridade| 
 []


Overfull \hbox (1.0611pt too wide) in paragraph at lines 1164--1187
 [][] 
 []


Overfull \hbox (4.07256pt too wide) in paragraph at lines 1194--1194
 []|\T1/lmr/bx/n/12 (-20) Prioridade| 
 []


Underfull \hbox (badness 1360) in paragraph at lines 1199--1199
[]|\T1/lmr/m/n/12 (+20) O sis-tema deve per-mi-tir a fil-tra-
 []


Underfull \hbox (badness 1242) in paragraph at lines 1199--1199
\T1/lmr/m/n/12 (+20) gem das tran-sa-es por tipo (re-
 []


Overfull \hbox (1.0611pt too wide) in paragraph at lines 1192--1206
 [][] 
 []

[36] [37] [38] [39]
Overfull \vbox (50.19185pt too high) has occurred while \output is active []


[40] [41]
Underfull \hbox (badness 10000) in paragraph at lines 1331--1335

 []


Underfull \hbox (badness 10000) in paragraph at lines 1331--1335

 []


Underfull \hbox (badness 10000) in paragraph at lines 1331--1335

 []

[42]
Underfull \hbox (badness 10000) in paragraph at lines 1364--1367

 []


Underfull \hbox (badness 10000) in paragraph at lines 1364--1367

 []

[43] [44] [45] [46] [47] [48]
Overfull \hbox (1.07664pt too wide) in paragraph at lines 1547--1548
[]\T1/lmr/m/n/12 (-20) O sis-tema ofe-rece a op-o de con-fi-gu-rar ho-r-rios
 por tem-po-rada (baixa/alta). 
 []

[49]
Underfull \hbox (badness 10000) in paragraph at lines 1604--1607

 []


Underfull \hbox (badness 10000) in paragraph at lines 1604--1607

 []

[50] [51] [52] [53] [54]
<Diagrama de Implantao- Digitalizao da Pousada.JPEG, id=812, 749.04843p
t x 873.2625pt>
File: Diagrama de Implantao- Digitalizao da Pousada.JPEG Graphic file (
type jpg)
<use Diagrama de Implantao- Digitalizao da Pousada.JPEG>
Package pdftex.def Info: Diagrama de Implantao- Digitalizao da Pousada.
JPEG  used on input line 1750.
(pdftex.def)             Requested size: 452.9679pt x 528.09225pt.
 [55]
<0406-Componentes.png, id=822, 1071.00125pt x 745.78625pt>
File: 0406-Componentes.png Graphic file (type png)
<use 0406-Componentes.png>
Package pdftex.def Info: 0406-Componentes.png  used on input line 1759.
(pdftex.def)             Requested size: 452.9679pt x 315.4244pt.


LaTeX Warning: `!h' float specifier changed to `!ht'.

[56 <./Diagrama de Implantao- Digitalizao da Pousada.JPEG>] [57 <./0406
-Componentes.png>]
LaTeX Font Info:    Trying to load font information for T1+lmtt on input line 1
783.

(C:\Users\kelly\AppData\Local\Programs\MiKTeX\tex/latex/lm\t1lmtt.fd
File: t1lmtt.fd 2015/05/01 v1.6.1 Font defs for Latin Modern
)
Package microtype Info: Loading generic protrusion settings for font family
(microtype)             `lmtt' (encoding: T1).
(microtype)             For optimal results, create family-specific settings.
(microtype)             See the microtype manual for details.
 [58]
[59]
Overfull \hbox (7.97774pt too wide) in paragraph at lines 1818--1819
[]\T1/lmr/bx/n/12 (-20) Funes, m-to-dos e va-ri-veis\T1/lmr/m/n/12 (-20) : 
se-guem o pa-dro \T1/lmr/m/it/12 (-20) snake_case \T1/lmr/m/n/12 (-20) (ex.: \
T1/lmtt/m/n/12 listar_hospedes\T1/lmr/m/n/12 (-20) ,
 []


Overfull \hbox (66.21004pt too wide) in paragraph at lines 1820--1821
[]\T1/lmr/bx/n/12 (-20) Arquivos e m-du-los\T1/lmr/m/n/12 (-20) : se-guem o pa
-dro \T1/lmr/m/it/12 (-20) snake_case \T1/lmr/m/n/12 (-20) (ex.: \T1/lmtt/m/n/
12 test_models.py\T1/lmr/m/n/12 (-20) , \T1/lmtt/m/n/12 conflito_datas.py\T1/lm
r/m/n/12 (-20) ); 
 []


Overfull \hbox (13.70654pt too wide) in paragraph at lines 1821--1822
[]\T1/lmr/bx/n/12 (-20) Templates\T1/lmr/m/n/12 (-20) : uti-li-zam no-mes des-c
ri-ti-vos em \T1/lmr/m/it/12 (-20) snake_case \T1/lmr/m/n/12 (-20) ou \T1/lmr/m
/it/12 (-20) kebab-case \T1/lmr/m/n/12 (-20) (ex.: \T1/lmtt/m/n/12 listar.html\
T1/lmr/m/n/12 (-20) ,
 []

[60] [61] [62] [63]
Overfull \hbox (26.98515pt too wide) in paragraph at lines 1893--1894
\T1/lmr/m/n/12 (-20) para HTTPS. Fo-ram con-fi-gu-ra-dos ca-be-a-lhos de se-gu
-rana (como \T1/lmtt/m/n/12 Strict-Transport-Security
 []

[64]
<0406-MER.jpg, id=934, 809.27344pt x 361.35pt>
File: 0406-MER.jpg Graphic file (type jpg)
<use 0406-MER.jpg>
Package pdftex.def Info: 0406-MER.jpg  used on input line 1924.
(pdftex.def)             Requested size: 452.9679pt x 202.25537pt.


LaTeX Warning: `!h' float specifier changed to `!ht'.

<0406-DER.jpg, id=936, 832.61063pt x 373.395pt>
File: 0406-DER.jpg Graphic file (type jpg)
<use 0406-DER.jpg>
Package pdftex.def Info: 0406-DER.jpg  used on input line 1933.
(pdftex.def)             Requested size: 452.9679pt x 203.14014pt.
[65]
<estrutura_pastas.png, id=943, 567.11874pt x 1035.87pt>
File: estrutura_pastas.png Graphic file (type png)
<use estrutura_pastas.png>
Package pdftex.def Info: estrutura_pastas.png  used on input line 2029.
(pdftex.def)             Requested size: 345.17177pt x 630.45189pt.
 [66 <./0406-MER.jpg> <./0406-DER.jpg>] [67 <./estrutura_pastas.png>]


<QR code requested for "https://github.com/guilhermebschmidt/SistemaWebGestaoPo
usada.git" in version 0-M.>

<Copying the QR code for "https://github.com/guilhermebschmidt/SistemaWebGestao
Pousada.git" in version 5-M as previously calculated.>
[68] [69] [70

] [71]
Underfull \hbox (badness 10000) in paragraph at lines 2273--2273
[]|\T1/lmr/m/n/12 (+20) Cadastro de
 []


Underfull \hbox (badness 1342) in paragraph at lines 2274--2274
[]|\T1/lmr/m/n/12 (+20) Informar n-mero, tipo,
 []


Underfull \hbox (badness 10000) in paragraph at lines 2277--2277
[]|\T1/lmr/m/n/12 (+20) Nmero du-pli-
 []


Underfull \hbox (badness 10000) in paragraph at lines 2281--2281
[]|\T1/lmr/m/n/12 (+20) Preo in-v-lido
 []


Underfull \hbox (badness 10000) in paragraph at lines 2281--2281
\T1/lmr/m/n/12 (+20) (ne-ga-tivo ou
 []


Underfull \hbox (badness 10000) in paragraph at lines 2285--2285
[]|\T1/lmr/m/n/12 (+20) Excluso de
 []


Underfull \hbox (badness 10000) in paragraph at lines 2285--2285
\T1/lmr/m/n/12 (+20) quarto com
 []


Underfull \hbox (badness 2351) in paragraph at lines 2287--2287
\T1/lmr/m/n/12 (+20) sa-gem in-for-ma-tiva exi-
 []


Underfull \hbox (badness 4739) in paragraph at lines 2289--2289
[]|\T1/lmr/m/n/12 (+20) Ver dis-po-ni-bi-li-
 []


Underfull \hbox (badness 1817) in paragraph at lines 2290--2290
[]|\T1/lmr/m/n/12 (+20) Selecionar in-ter-valo $\OMS/lmsy/m/n/12 !$
 []




<QR code requested for "https://github.com/guilhermebschmidt/SistemaWebGestaoPo
usada/blob/main/Documenta%C3%A7%C3%A3o/teste_funcional.md" in version 0-M.>

<Copying the QR code for "https://github.com/guilhermebschmidt/SistemaWebGestao
Pousada/blob/main/Documenta%C3%A7%C3%A3o/teste_funcional.md" in version 7-M as 
previously calculated.>
[72{C:/Users/kelly/AppData/Local/Programs/MiKTeX/fonts/enc/dvips/lm/lm-mathsy.e
nc}] [73] [74

] [75] [76] [77] [78] [79] [80] [81] [82

]
(abntex2-modelo-trabalho-academico.bbl (abntex2-modelo-trabalho-academico.brf)
\tf@brf=\write6
\openout6 = `abntex2-modelo-trabalho-academico.brf'.


[83

]
bibitemlist
[84

] [85]
Underfull \hbox (badness 1286) in paragraph at lines 276--276
[]\T1/lmr/m/n/12 (+20) Qualys SSL Labs. \T1/lmr/m/it/12 (+20) SSL Ser-ver Test 
^^V an-lise do host 
 []

[86] [87]) [88]

Package hyperref Warning: Token not allowed in a PDF string (Unicode):
(hyperref)                removing `\uppercase' on input line 2901.

[89


] [90

] [91] [92] [93] [94] [95] [96] [97] [98] [99]
Overfull \hbox (4.15547pt too wide) in paragraph at lines 3194--3194
 []|\T1/lmr/bx/n/14.4 (-20) Item| 
 []


Underfull \hbox (badness 4144) in paragraph at lines 3195--3195
\T1/lmr/m/n/14.4 (+20) le-fone, What-sApp, pes-so-al-
 []


Overfull \hbox (4.15547pt too wide) in paragraph at lines 3213--3213
 []|\T1/lmr/bx/n/14.4 (-20) Item| 
 []


Overfull \hbox (4.15547pt too wide) in paragraph at lines 3218--3218
 []|\T1/lmr/bx/n/14.4 (-20) Item| 
 []


Underfull \hbox (badness 1558) in paragraph at lines 3221--3221
[]|\T1/lmr/m/n/14.4 (+20) Quem re-a-liza o check-in e
 []


Overfull \hbox (4.15547pt too wide) in paragraph at lines 3236--3236
 []|\T1/lmr/bx/n/14.4 (-20) Item| 
 []


Underfull \hbox (badness 2538) in paragraph at lines 3238--3238
[]|\T1/lmr/m/n/14.4 (+20) A pou-sada pos-sui quan-tos
 []


Overfull \hbox (4.15547pt too wide) in paragraph at lines 3245--3245
 []|\T1/lmr/bx/n/14.4 (-20) Item| 
 []


Overfull \hbox (4.15547pt too wide) in paragraph at lines 3253--3253
 []|\T1/lmr/bx/n/14.4 (-20) Item| 
 []

[100

]
Underfull \hbox (badness 1616) in paragraph at lines 3271--3271
[]|\T1/lmr/m/n/14.4 (+20)  ne-ces-s-rio ge-rar com-pro-
 []


Overfull \hbox (4.15547pt too wide) in paragraph at lines 3274--3274
 []|\T1/lmr/bx/n/14.4 (-20) Item| 
 []


Overfull \hbox (4.15547pt too wide) in paragraph at lines 3279--3279
 []|\T1/lmr/bx/n/14.4 (-20) Item| 
 []


Overfull \hbox (4.15547pt too wide) in paragraph at lines 3287--3287
 []|\T1/lmr/bx/n/14.4 (-20) Item| 
 []

[101] [102]
Overfull \vbox (1.08286pt too high) has occurred while \output is active []


[103] [104]
Overfull \hbox (0.96634pt too wide) in paragraph at lines 3330--3330
 []|\T1/lmr/bx/n/12 (-20) Cdigo| 
 []


Overfull \hbox (1.06108pt too wide) in paragraph at lines 3328--3355
 [][] 
 []


Overfull \hbox (0.96634pt too wide) in paragraph at lines 3363--3363
 []|\T1/lmr/bx/n/12 (-20) Cdigo| 
 []


Overfull \hbox (1.06108pt too wide) in paragraph at lines 3361--3389
 [][] 
 []

[105

]
Overfull \vbox (33.28pt too high) has occurred while \output is active []

 [106]
Overfull \hbox (0.96634pt too wide) in paragraph at lines 3397--3397
 []|\T1/lmr/bx/n/12 (-20) Cdigo| 
 []


Overfull \hbox (1.06108pt too wide) in paragraph at lines 3395--3430
 [][] 
 []


Overfull \vbox (33.49059pt too high) has occurred while \output is active []


[107]
Overfull \hbox (0.96634pt too wide) in paragraph at lines 3437--3437
 []|\T1/lmr/bx/n/12 (-20) Cdigo| 
 []


Overfull \hbox (1.06108pt too wide) in paragraph at lines 3435--3460
 [][] 
 []


Overfull \vbox (37.59016pt too high) has occurred while \output is active []


[108] [109]
Overfull \hbox (1.75552pt too wide) in paragraph at lines 3470--3470
 []|\T1/lmr/bx/n/12 (-20) Sprint| 
 []


Overfull \hbox (1.0611pt too wide) in paragraph at lines 3468--3511
 [][] 
 []


Overfull \hbox (1.75552pt too wide) in paragraph at lines 3519--3519
 []|\T1/lmr/bx/n/12 (-20) Sprint| 
 []


Overfull \hbox (1.0611pt too wide) in paragraph at lines 3517--3536
 [][] 
 []


Overfull \hbox (1.75552pt too wide) in paragraph at lines 3544--3544
 []|\T1/lmr/bx/n/12 (-20) Sprint| 
 []


Overfull \hbox (5.80841pt too wide) in paragraph at lines 3546--3546
 []|\T1/lmr/m/n/12 (-20) Operacionalizao 
 []


Overfull \hbox (1.0611pt too wide) in paragraph at lines 3542--3573
 [][] 
 []

[110

]
Overfull \hbox (1.75552pt too wide) in paragraph at lines 3581--3581
 []|\T1/lmr/bx/n/12 (-20) Sprint| 
 []


Overfull \hbox (1.0611pt too wide) in paragraph at lines 3579--3607
 [][] 
 []

[111]
Overfull \hbox (1.75552pt too wide) in paragraph at lines 3615--3615
 []|\T1/lmr/bx/n/12 (-20) Sprint| 
 []


Overfull \hbox (1.0611pt too wide) in paragraph at lines 3613--3641
 [][] 
 []

[112]
Overfull \hbox (1.75552pt too wide) in paragraph at lines 3649--3649
 []|\T1/lmr/bx/n/12 (-20) Sprint| 
 []


Overfull \hbox (1.0611pt too wide) in paragraph at lines 3647--3678
 [][] 
 []

[113]
Overfull \hbox (1.75552pt too wide) in paragraph at lines 3685--3685
 []|\T1/lmr/bx/n/12 (-20) Sprint| 
 []


Overfull \hbox (5.80841pt too wide) in paragraph at lines 3687--3687
 []|\T1/lmr/m/n/12 (-20) Operacionalizao 
 []


Overfull \hbox (1.0611pt too wide) in paragraph at lines 3683--3722
 [][] 
 []

[114]
Overfull \hbox (1.75552pt too wide) in paragraph at lines 3730--3730
 []|\T1/lmr/bx/n/12 (-20) Sprint| 
 []


Overfull \hbox (1.0611pt too wide) in paragraph at lines 3728--3774
 [][] 
 []

[115] [116] [117]
<ssl_lab_result.png, id=1350, 876.27374pt x 411.78844pt>
File: ssl_lab_result.png Graphic file (type png)
<use ssl_lab_result.png>
Package pdftex.def Info: ssl_lab_result.png  used on input line 3784.
(pdftex.def)             Requested size: 362.37569pt x 170.29208pt.
<ssl_lab_result2.png, id=1351, 549.55313pt x 389.95688pt>
File: ssl_lab_result2.png Graphic file (type png)
<use ssl_lab_result2.png>
Package pdftex.def Info: ssl_lab_result2.png  used on input line 3785.
(pdftex.def)             Requested size: 362.37569pt x 257.14621pt.
<certificado_headers_seguranca.jpeg, id=1352, 1606.0pt x 832.10875pt>
File: certificado_headers_seguranca.jpeg Graphic file (type jpg)
<use certificado_headers_seguranca.jpeg>
Package pdftex.def Info: certificado_headers_seguranca.jpeg  used on input line
 3795.
(pdftex.def)             Requested size: 362.37569pt x 187.74966pt.
 [118

 <./ssl_lab_result.png> <./ssl_lab_result2.png>] [119 <./certificado_headers_se
guranca.jpeg>]
Overfull \hbox (4.07256pt too wide) in paragraph at lines 3809--3809
 []|\T1/lmr/bx/n/12 (-20) Prioridade| 
 []


Overfull \hbox (1.0611pt too wide) in paragraph at lines 3807--3820
 [][] 
 []


Overfull \hbox (4.07256pt too wide) in paragraph at lines 3828--3828
 []|\T1/lmr/bx/n/12 (-20) Prioridade| 
 []


Underfull \hbox (badness 1147) in paragraph at lines 3846--3846
\T1/lmr/m/n/12 (+20) ca-pa-ci-dade (n-mero de hs-pe-des),
 []


Overfull \hbox (1.0611pt too wide) in paragraph at lines 3826--3849
 [][] 
 []


Overfull \hbox (4.07256pt too wide) in paragraph at lines 3856--3856
 []|\T1/lmr/bx/n/12 (-20) Prioridade| 
 []


Overfull \hbox (1.0611pt too wide) in paragraph at lines 3854--3879
 [][] 
 []

[120

] [121]
Overfull \hbox (4.07256pt too wide) in paragraph at lines 3887--3887
 []|\T1/lmr/bx/n/12 (-20) Prioridade| 
 []


Underfull \hbox (badness 1360) in paragraph at lines 3896--3896
[]|\T1/lmr/m/n/12 (+20) O sis-tema deve per-mi-tir a fil-tra-
 []


Underfull \hbox (badness 1242) in paragraph at lines 3896--3896
\T1/lmr/m/n/12 (+20) gem das tran-sa-es por tipo (re-
 []


Overfull \hbox (1.0611pt too wide) in paragraph at lines 3885--3909
 [][] 
 []

[122] [123]
Overfull \hbox (51.26485pt too wide) in paragraph at lines 3927--3949
[][]
 []


Overfull \hbox (51.26485pt too wide) in paragraph at lines 3954--3975
[][] 
 []

[124

] [125]
Overfull \hbox (51.26485pt too wide) in paragraph at lines 3981--4002
[][]
 []


Overfull \hbox (51.26485pt too wide) in paragraph at lines 4007--4031
[][]
 []

[126]
Overfull \hbox (51.26485pt too wide) in paragraph at lines 4036--4059
[][]
 []

[127]
Overfull \hbox (51.26485pt too wide) in paragraph at lines 4064--4086
[][] 
 []

[128] [129]
Underfull \hbox (badness 10000) in paragraph at lines 4089--4091

 []


Overfull \hbox (51.26485pt too wide) in paragraph at lines 4100--4121
[][]
 []


Overfull \hbox (51.26485pt too wide) in paragraph at lines 4127--4148
[][]
 []

[130

]
Overfull \hbox (51.26485pt too wide) in paragraph at lines 4153--4173
[][]
 []

[131]
Overfull \hbox (51.26485pt too wide) in paragraph at lines 4178--4201
[][]
 []

[132]
Overfull \hbox (51.26485pt too wide) in paragraph at lines 4206--4226
[][] 
 []

[133] [134]
Underfull \hbox (badness 10000) in paragraph at lines 4231--4233

 []


Overfull \hbox (51.26485pt too wide) in paragraph at lines 4242--4266
[][]
 []


Overfull \hbox (51.26485pt too wide) in paragraph at lines 4271--4295
[][]
 []

[135

]
Overfull \hbox (51.26485pt too wide) in paragraph at lines 4300--4323
[][] 
 []

[136] [137]
Overfull \hbox (51.26485pt too wide) in paragraph at lines 4329--4351
[][]
 []


Overfull \hbox (51.26485pt too wide) in paragraph at lines 4356--4378
[][]
 []

[138]
Overfull \hbox (51.26485pt too wide) in paragraph at lines 4383--4404
[][] 
 []

[139] [140]
Overfull \hbox (51.26485pt too wide) in paragraph at lines 4410--4432
[][]
 []


Overfull \hbox (51.26485pt too wide) in paragraph at lines 4437--4459
[][]
 []

[141] [142]
Underfull \hbox (badness 10000) in paragraph at lines 4463--4465

 []


Overfull \hbox (51.26485pt too wide) in paragraph at lines 4475--4498
[][]
 []


Overfull \hbox (51.26485pt too wide) in paragraph at lines 4503--4524
[][] 
 []

[143

] [144]
Overfull \hbox (51.26485pt too wide) in paragraph at lines 4530--4553
[][]
 []


Overfull \hbox (51.26485pt too wide) in paragraph at lines 4558--4580
[][] 
 []

[145] [146]
Overfull \hbox (51.26485pt too wide) in paragraph at lines 4586--4608
[][]
 []


Overfull \hbox (51.26485pt too wide) in paragraph at lines 4613--4635
[][]
 []

[147]
No file abntex2-modelo-trabalho-academico.ind.
[148]
\tf@lof=\write7
\openout7 = `abntex2-modelo-trabalho-academico.lof'.

\tf@loq=\write8
\openout8 = `abntex2-modelo-trabalho-academico.loq'.

\tf@lot=\write9
\openout9 = `abntex2-modelo-trabalho-academico.lot'.

\tf@toc=\write10
\openout10 = `abntex2-modelo-trabalho-academico.toc'.

 (abntex2-modelo-trabalho-academico.aux
<Reading QR code for "https://github.com/guilhermebschmidt/SistemaWebGestaoPous
ada/blob/main/Projeto/Gest%C3%A3o%20de%20Tarefas%20do%20Projeto.pod" at level 8
-M from aux file.>

<Reading QR code for "https://github.com/users/guilhermebschmidt/projects/1" at
 level 4-M from aux file.>

<Reading QR code for "https://github.com/guilhermebschmidt/SistemaWebGestaoPous
ada.git" at level 5-M from aux file.>

<Reading QR code for "https://github.com/guilhermebschmidt/SistemaWebGestaoPous
ada/blob/main/Documenta%C3%A7%C3%A3o/teste_funcional.md" at level 7-M from aux 
file.>
)
 ***********
LaTeX2e <2023-11-01> patch level 1
L3 programming layer <2020/03/25>
 ***********
Package rerunfilecheck Info: File `abntex2-modelo-trabalho-academico.brf' has n
ot changed.
(rerunfilecheck)             Checksum: D70DA64CB5CCD8848259BB15A5E518D4;4052.
 )
(\end occurred inside a group at level 1)

### simple group (level 1) entered at line 2300 ({)
### bottom level 
Here is how much of TeX's memory you used:
 45898 strings out of 474486
 993456 string characters out of 5743755
 2069542 words of memory out of 5000000
 66655 multiletter control sequences out of 15000+600000
 652319 words of font info for 243 fonts, out of 8000000 for 9000
 1141 hyphenation exceptions out of 8191
 99i,13n,117p,2758b,948s stack positions out of 10000i,1000n,20000p,200000b,200000s
<C:/Users/kelly/AppData/Local/Programs/MiKTeX/fonts/type1/publi
c/lm/lmbx12.pfb><C:/Users/kelly/AppData/Local/Programs/MiKTeX/fonts/type1/publi
c/lm/lmbxi10.pfb><C:/Users/kelly/AppData/Local/Programs/MiKTeX/fonts/type1/publ
ic/lm/lmr10.pfb><C:/Users/kelly/AppData/Local/Programs/MiKTeX/fonts/type1/publi
c/lm/lmr12.pfb><C:/Users/kelly/AppData/Local/Programs/MiKTeX/fonts/type1/public
/lm/lmri10.pfb><C:/Users/kelly/AppData/Local/Programs/MiKTeX/fonts/type1/public
/lm/lmri12.pfb><C:/Users/kelly/AppData/Local/Programs/MiKTeX/fonts/type1/public
/lm/lmss10.pfb><C:/Users/kelly/AppData/Local/Programs/MiKTeX/fonts/type1/public
/lm/lmss12.pfb><C:/Users/kelly/AppData/Local/Programs/MiKTeX/fonts/type1/public
/lm/lmss17.pfb><C:/Users/kelly/AppData/Local/Programs/MiKTeX/fonts/type1/public
/lm/lmssbx10.pfb><C:/Users/kelly/AppData/Local/Programs/MiKTeX/fonts/type1/publ
ic/lm/lmsy10.pfb><C:/Users/kelly/AppData/Local/Programs/MiKTeX/fonts/type1/publ
ic/lm/lmtt12.pfb><C:/Users/kelly/AppData/Local/Programs/MiKTeX/fonts/type1/publ
ic/lm/lmtti10.pfb>
Output written on abntex2-modelo-trabalho-academico.pdf (149 pages, 1288497 byt
es).
PDF statistics:
 2109 PDF objects out of 2487 (max. 8388607)
 476 named destinations out of 1000 (max. 500000)
 57517 words of extra memory for PDF output out of 61914 (max. 10000000)

